Monitors a process and writes a dump file when the process exceeds the
specified criteria or has an exception.

Capture Usage: 
   procdump.exe [-mm] [-ma] [-mp] [-mc Mask] [-md Callback_DLL] [-mk]
                [-n Count]
                [-s Seconds]
                [-c|-cl CPU_Usage [-u]]
                [-m|-ml Commit_Usage]
                [-p|-pl Counter_Threshold]
                [-h]
                [-e [1 [-g] [-b]]]
                [-l]
                [-t]
                [-f  Include_Filter, ...]
                [-fx Exclude_Filter, ...]
                [-o]
                [-r [1..5] [-a]]
                [-wer]
                [-64]
                {
                 {{[-w] Process_Name | Service_Name | PID} [Dump_File | Dump_Folder]}
                |
                 {-x Dump_Folder Image_File [Argument, ...]}
                }
Install Usage: 
   procdump.exe -i [Dump_Folder]
                [-mm] [-ma] [-mp] [-mc Mask] [-md Callback_DLL] [-mk]
                [-r]
                [-k]
                [-wer]
Uninstall Usage: 
   procdump.exe -u

Examples:

-------------------------------------------------------------------------------
- Write a Mini dump of a process named 'notepad' (only one match can exist):
    C:\>procdump notepad

-------------------------------------------------------------------------------
- Write a Full dump of a process with PID '4572':
    C:\>procdump -ma 4572

-------------------------------------------------------------------------------
- Write a Mini first, and then a Full dump of a process with PID '4572':
    C:\>procdump -mm -ma 4572

-------------------------------------------------------------------------------
- Write 3 Mini dumps 5 seconds apart of a process named 'notepad':
    C:\>procdump -n 3 -s 5 notepad

-------------------------------------------------------------------------------
- Write up to 3 Mini dumps of a process named 'consume' when it exceeds
         20% CPU usage for five seconds:
    C:\>procdump -n 3 -s 5 -c 20 consume

-------------------------------------------------------------------------------
- Write a Mini dump for a process named 'hang.exe' when one of its
         windows is unresponsive for more than 5 seconds:
    C:\>procdump -h hang.exe

- Write a Full and Kernel dump for a process named 'hang.exe' when one of its
         windows is unresponsive for more than 5 seconds:
    C:\>procdump -ma -mk -h hang.exe

-------------------------------------------------------------------------------
- Write a Mini dump of a process named 'outlook' when total system CPU 
         usage exceeds 20% for 10 seconds:
    C:\>procdump outlook -p "\Processor(_Total)\% Processor Time" 20

- Write a Full dump of a process named 'outlook' when Outlook's handle count 
         exceeds 10,000:
    C:\>procdump -ma outlook -p "\Process(Outlook)\Handle Count" 10000

-------------------------------------------------------------------------------
- Writes a Full dump for a 2nd chance exception:
    C:\>procdump -ma -e w3wp.exe

- Writes a Full dump for a 1st or 2nd chance exception:
    C:\>procdump -ma -e 1 w3wp.exe

- Writes a Full dump for a debug string message:
    C:\>procdump -ma -l w3wp.exe

- Write up to 10 Full dumps of each 1st or 2nd chance exception of w3wp.exe:
    C:\>procdump -ma -n 10 -e 1 w3wp.exe

- Write up to 10 Full dumps if an exception's code/name/msg contains 'NotFound':
    C:\>procdump -ma -n 10 -e 1 -f NotFound w3wp.exe

- Write up to 10 a Full dump if a debug string message contains 'NotFound':
    C:\>procdump -ma -n 10 -l -f NotFound w3wp.exe

-------------------------------------------------------------------------------
- Wait for a process called 'notepad' (and monitor it for exceptions):
    C:\>procdump -e -w notepad

- Launch a process called 'notepad' (and monitor it for exceptions):
    C:\>procdump -e -x c:\dumps notepad

- Register for launch, and attempt to activate, a store 'application'.
         A new ProcDump instance will start when it is activated:
    C:\>procdump -e -x c:\dumps Microsoft.BingMaps_8wekyb3d8bbwe!AppexMaps

- Register for launch of a store 'package'.
         A new ProcDump instance will start when it is (manually) activated:
    C:\>procdump -e -x c:\dumps Microsoft.BingMaps_1.2.0.136_x64__8wekyb3d8bbwe

-------------------------------------------------------------------------------
- Windows 7/8.0; Use Reflection to reduce outage for 5 consecutive triggers:
    C:\>procdump -r -ma -n 5 -s 15 wmplayer.exe

- Windows 8.1+; Use PSS to reduce outage for 5 concurrent triggers:
    C:\>procdump -r 5 -ma -n 5 -s 15 wmplayer.exe

-------------------------------------------------------------------------------
- Install ProcDump as the (AeDebug) postmortem debugger:
    C:\>procdump -ma -i c:\dumps
    ..or..
    C:\Dumps>procdump -ma -i

- Uninstall ProcDump as the (AeDebug) postmortem debugger:
    C:\>procdump -u

-------------------------------------------------------------------------------

