Process memory detail for EXACORE07:

Name                Pid      VM      WS    Priv Priv Pk   Faults   NonP Page
Idle                  0      64       4       0       0        2      0    0
System                4    3488     140     128     140     4558      0    0
smss                552 2147494884    2984    2148    5364     2136      3   12
csrss               644 2147556884    6428    2920    6324    76208     18  190
csrss               728 2147531052    4088    1864    2180     2218      8  108
wininit             736 2147531640    5012    1040    1492     1809      8  103
winlogon            792 2147546136    8748    1904    3264     3456      8  130
services            868 2147518796   12652    8256    9296   884664     10  135
lsass               876 2147636764   40536   29516   36820   679798     31  262
svchost             976 2147572332   21852    9612    9832    27002     21  424
svchost             136 2147564588   20404   15708   19296  4453356     17  127
LogonUI             600 2147721052   35272   11836   19844    26737     25  427
dwm                 544 2147637560   27992   16684   20388    19649     18  224
svchost             864 2147865340  165568  145516  146968    87608     34  347
svchost             580 2147871284   46460   35248   97648  2036287     38  340
svchost            1160 2147587988   29732   20440   21652  1175654     22  138
svchost            1168 2147542456   10600    3576    3624    14158     13   99
svchost            1296 2147585508   25492   17220   17788  2040449     34  121
VSSVC              1324 2147526956    9180    1952    2120    12625      9   76
svchost            1344 2147640540   33052   20832   22392  1604446     42  229
svchost            1360 2149402212 1694400 1699832 1703520 155219162     72 19933
svchost            1544 2147526100    7604    2304    2416    23648      9   72
svchost            1584 2147677620   35044   20692   38464  2095471     40  222
svchost            1836 2147529232    7964    1908    2076     5606      9   83
svchost            1708 2147517540    7568    2296    2304    50745     11   58
spoolsv            2068 2147620476   24284    8820   10828    31762     26  257
svchost            2228 2147628128   34368   16552   26628   380066     23  248
svchost            2236 2147534932   11256    4260    4308    13848     11   79
osqueryd           2276 2147584272   16436    6516    6548  5532583     11  189
NvTelemetryContainer  2284  110728   10876    4248    5344  2088261     13  145
svchost            2384 2147596536   19440    9428   11220    82364     16  132
svchost            2392 2147552280   12004    5476    5532    10018     14   82
MsMpEng            2400 2148053416  180748  219196  656516  7664638     63  648
IpOverUsbSvc       2412  120192   11812    8360    8792     3793     15  166
svchost            2452 2147524488    8696    2528    2636    40873     11   74
sqlwriter          2460   52168    8008    2528    2956    14113      8   86
Microsoft.SqlServer.IntegrationServices.WorkerAgentServiceHost  2488  756288   65968   68704   68896  1492599     40  515
Microsoft.SqlServer.IntegrationServices.MasterServiceHost  2504  744560   68164   68832   69648  3736500     56  518
hydra_service      2648   19764    3496     816     936     1016      6   33
hydra_service      2940   23268    3928     880    1000     1156      5   41
jtagserver         3148   53228    9752    4280    4432     3274     13   97
epmd               3608   14700    2344     480     596      717      4   24
MsDtsSrvr          4520 16090672   22140   73700   73740    18201     24  301
sqlceip            4536  602976   46684   42440   42736   996680     26  392
RSHostingService   4544 16231552  257324  492900  721032  3323160     39  419
sqlservr           4560 12937444 1751376 2865364 3263700  3765614    750  594
msmdsrv            4756  873740  109496  145352  147964   424940     53  687
RSManagement       3164  687804   61800   49524   49688  2674533     42  439
conhost            3980 2147552912    9608    5404    5460     2772      8  126
WmiPrvSE           2016 2147956844   29480   19972   26428 973444357     15  110
osqueryd           3852 2147620788   34872   26244   34576  3534428     13  185
conhost            3864 2147545372    5556    1344    1504     1704      7  120
mpdwsvc            5512 12921944  319500  708040  754480  2276101    132  587
mpdwsvc            5520 13179852  236396  579508  632548  3524144    124 1133
Launchpad          5552 4284012   23224   72032   73940     7998     22  202
SQLAGENT           5560  657232   25824   55476   56092   936441     41  413
conhost            5596 2147548616    9212    5032    5188     2619      7  119
fdlauncher         5632   30980    4724     940    1096     1391      5   59
ReportingServicesService  5600 9506784  581116  635680  642452  9344051     70  479
conhost            1636 2147551912    9272    5044    5188     2690      8  126
RSPortal           6160 16334220  122608  280048  280232  1016535     72  599
conhost            6184 2147551904    9288    5072    5208     2686      8  126
fdhost             6396   69936    6648   14628   14812     3729     13   81
conhost            6404 2147546000    8672    4836    4996     2371      6  114
csrss              1396 2147716692   14068    8080   11636  3024810     61  691
winlogon           1848 2147548384    8600    2080    2652     8330     10  134
dwm                2516 2147926852  218304   57100   70292 10880241     62  748
rdpclip            5628 2147600408   13620    3396    3424    14177     14  226
RuntimeBroker      1376 2147685944   35160   13172   14672    61598     20  389
sihost              516 2147594176   19976    5228    5344    19323     14  204
svchost            2224 2148128612   24184    7760   10452   136972     26  216
taskhostw          8020 2147674436   20936    9892   11384   527851     38  210
explorer           8484 2148350500  354948  252912  340964 28889789    145 1648
ShellExperienceHost  8840 2147852060   44464   48268   50480   173794     45  863
SearchUI           8948 2147752432   33868   12432   13612    28748     28  505
msdtc              8620 2147533240    9324    2708    3312     3057     12   83
Taskmgr            9692 2147815324  133436  105376  169812 15195582     26  545
svchost           17592 2147539592   10980    5560    5848    42316     15   92
fontdrvhost       11972 2147541732    3072     964    1104     1992      5   80
sumatra           22984  664140  395992  363232  389136  3119866     30  564
taskhostw         26612 2147624108   22820    8200    8756    14105     21  265
dotnet            16968 2148222412   52744   49300   88436    45348     51  292
conhost           27336 2147569696    9104    4968    5124     2484      7  160
dotnet            23884 2148220524   52092   48732   78148    43180     50  292
conhost           28768 2147569656    9076    4980    5136     2482      7  160
dotnet            24428 2148220748   52804   49404   90644    52333     50  292
conhost           24988 2147569728    9092    4980    5136     2485      7  160
scalar.service    21360 2148017148   29184   21984   23320    30062     30  223
scalar.service.ui  7492 2148004732   15644    9820   10620    10332     21  214
conhost           16732 2147566392    9056    4932    5088     2429      7  153
Code              21960 2147713016   13060    9448    9580     3836     14  441
Code              21492 2151937088   35144   24528   36744    55276     16  462
chrome            21596 2148692272  264660  192860  195116  1153196     86 1791
chrome            28336 2147598436    7140    1724    1772     2673      8  118
Blend             13964 1587936  715024  637000  685072 27006013    229 1685
Microsoft.ServiceHub.Controller 11952  629896   52888   42148   42860   101067     29  448
conhost           24352 2147566420    9228    4936    5092     2406      7  153
ServiceHub.ThreadedWaitDialog 18148  445692   57060   59736   61640   335719     47  777
conhost           31464 2147569684    9408    4932    5088     2453      7  160
ServiceHub.RoslynCodeAnalysisService32 17836  616440  150944  158180  264172   562958     72  914
conhost            9460 2147569740    9380    4936    5092     2448      7  160
VcxprojReader     36672  219588   48936   41372   43260    29385     26  301
VcxprojReader     18116  219524   48272   40608   42208    29942     26  301
VcxprojReader     11752  219524   48664   40952   43124    29447     26  301
conhost           29084 2147566456    9200    4920    5076     2396      7  153
conhost           21624 2147566388    9212    4928    5084     2402      7  153
conhost           18328 2147566396    9192    4920    5080     2399      7  153
ServiceHub.VSDetouredHost 16840  594400   65332   94716  100164   505404     69 1023
conhost           20960 2147569712    9364    4928    5088     2444      7  160
ServiceHub.IdentityHost 27072  430368   74348   69548   72628   421036     71  718
conhost           10252 2147569676    9404    4936    5092     2452      7  160
ServiceHub.SettingsHost  4184  612228  103112  119844  126128  1692941     79 1032
conhost           35588 2147569696    9408    4940    5096     2453      7  160
ServiceHub.Host.CLR.x86 35116  636808   61952  109588  111872   389323     69 1143
conhost           11100 2147569732    9400    4932    5088     2451      7  160
Microsoft.Alm.Shared.Remoting.RemoteContainer.dll 14460  394140   50912   50912  155868   733252     38  487
ServiceHub.Host.CLR.x86  3596  432732   51076   60192   60804   408792     52  755
conhost            3616 2147569712    9404    4936    5096     2455      7  160
ServiceHub.Host.CLR.x86 25404  451024   59180   85132   85640   339664     47  782
conhost            7352 2147569716    9392    4932    5088     2451      7  160
ConEmu64          17032  224564   48820   33040   33580   653973     22  368
ConEmuC64         24524  110052    7992    3168    3420     4694      9  200
conhost           31140 2147577520   13556    7800    7844     3497      9  172
cmd               20320 2147531556    4444    2348    5612     1250      6   89
bash               1488   82712    5880    1984    2244     1622      7  153
bash              14008  602284   11304    8008    8016     6669      9  129
ConEmuC64         10572  110052    7988    3172    3412     4519      9  199
conhost           36488 2147578512   13928    8096    8096     3998      9  170
cmd               24876 2147545912    6024    4224    7252    11651      7  113
ConEmuC64         36356  110052    7972    3204    3452    55005      9  200
conhost            8244 2147577464   13536    7792    7840     3489      9  172
cmd                2244 2147531556    4488    2356    5620     1256      6   89
bash              30272   82712    5892    1988    2240     1638      7  153
bash              23352  600236   11212    7948    8000     6359      9  129
ConEmuC64         20976  110052    8004    3172    3500    59674      9  200
conhost           15548 2147577516   13652    7812    7868     3737      9  170
cmd               25672 2147545424    5788    4052    7156    10092      7  112
chrome            33556 2147882040   81336   24032   43692  1055805     35  601
chrome            15716 2147863556   44020   27188   29296    94787     20  481
chrome            33424 2147758712   19736   11400   27972   133149     12  444
conhost           27376 2147569744    9672    4996    5156     2525      7  160
vsls-agent        15664  234892   47992   33964   35964   325940     49  285
Code              14860 2152106740  114764   68664   72608  1076551     38  768
Code               3620 2147714040   14096    9508    9584     3897     14  441
Code              11496 2148047772  192556   56052  396260 11814740     56  793
Code              10616 2147745920   30752   17440   18220    33347     18  480
Code              35548 2152056380   96424   59944  116596 16090115     25  484
Code              25196 2152030792   83344   44828   48584   229953     32  605
Code              32312 2147714040   14188    9664    9764     3852     14  441
Code              31820 2147896712   50048   29832  395264   474796     27  558
Code              20420 2147745188   28944   15596   19412    33958     19  474
Code              17704 2152049212   97736   64404  104404  7687205     25  483
chrome            23836 2147765488   16584    7176    7260    28917     13  441
chrome            33592 2156305460   82704   45152   48740    59715     26  475
chrome            20860 2152136612   72292   36860  143528   241398     20  444
chrome            27040 2152202076  113540   79100  120628   778310     23  488
Code              36008 2162732756  229736  204984  246192  3455950     47  699
CodeHelper        11588  172176   16240   12716   13232     5702     15  263
conhost           27320 2147566416    9336    4980    5136     2434      7  153
Code              11780 2152012844  362952  342080  422644   406793     46  491
Code              33360 2151923828   33064   20812   24972    17657     14  460
Code              34864 2151924712   33748   20504   24400    17372     15  462
Code              21008 2151936116   53728   39324   62404    50601     15  460
Code              10028 2151923828   31552   18980   27140    19544     14  460
OfficeClickToRun  19496 2147789232   72684   52440  105732   147239     27  367
AppVShNotify      23748   61048    7484    1616    1836     2033      7  121
AppVShNotify      35868   81120    7872    1864    2084     2112      8  160
Code              31068 2167423772 4926472 5192376 7265284 16723394    267  806
CodeHelper        24120  171640   21012   16948   19092    27724     16  265
conhost           24936 2147566440    9296    4928    5084     2417      7  153
Code              26088 2152286060  485976  473948 1535132  4118933     27  488
winpty-agent       6964   83924    9360    5596    5992     2693      7  148
conhost           16460 2147582444    9920    3948    6600     6933      9  176
cmd               21884 2147574024   11200    6464    9560    12431      8  163
Code               2160 2151923828   33792   20516   24728    17222     14  456
Code              36040 2151924712   34524   20380   24344    17145     15  458
Code               9568 2151936116  124520  113016  433368   581805     15  456
Code              33744 2151923828   31932   18636   24752    18456     14  456
Code              30832 2162473076   55020   68444  135224    67026     17  456
dotnet            34180 2148218548   81052   56660   79476    50056     49  291
conhost           32124 2147569728    9416    4984    5140     2455      7  160
dotnet            31524 2148224348   81108   56136   77876    47262     51  291
conhost            9724 2147569672    9416    4992    5148     2455      7  160
dotnet            18448 2148220084   80800   55992   79304    49806     49  291
conhost           36316 2147569740    9448    4988    5144     2463      7  160
dotnet            24796 2148218612   80432   56356   78064    50249     49  291
conhost           18664 2147569680    9452    4988    5144     2464      7  160
dotnet            23368 2148218612   80460   55624   81088    51895     49  291
conhost            9888 2147569676    9436    4984    5140     2461      7  160
dotnet             7792 2148220080   81940   56812   80088    55805     50  292
conhost           12968 2147569684    9428    4984    5144     2461      7  160
dotnet            30592 2148218484   79880   54968   84340    56789     49  291
conhost           24976 2147569700    9452    4984    5144     2463      7  160
dotnet            12776 2148217076   81688   56940   79996    53263     49  291
conhost           35312 2147569700    9444    4980    5136     2460      7  160
dotnet            24404 2148218612   89372   64548   84200    70922     49  291
conhost           32200 2147569704    9396    4984    5140     2450      7  160
dotnet            35900 2148216948   80516   55648   83236    55779     48  291
conhost           17672 2147569644    9428    4976    5132     2459      7  160
dotnet            32716 2148218484   79664   54940   81432    50103     49  291
conhost            7484 2147569704    9420    4984    5144     2457      7  160
dotnet            10312 2148199672   79548   55140   56104    22419     40  261
conhost           34472 2147569744    9380    4968    5124     2445      7  160
dotnet             3784 2148201208   80180   55840   56668    22454     40  261
conhost           28372 2147569664    9400    4968    5124     2448      7  160
dotnet            26012 2148201208   79452   55064   56180    22410     40  261
conhost           21588 2147569688    9420    4964    5124     2456      7  160
dotnet            35500 2148201208   77964   53548   54572    21941     40  261
conhost           12256 2147569684    9416    4972    5132     2454      7  160
dotnet            20296 2148209324   87512   66608   67708    25111     42  276
conhost           33176 2147569692    9404    4976    5132     2452      7  160
dotnet             4068 2148199760   78644   54176   55624    22314     41  261
conhost           11092 2147569700    9432    4984    5140     2459      7  160
dotnet            29392 2148198648   77396   53064   53928    21644     40  261
conhost             804 2147569676    9380    4964    5124     2445      7  160
dotnet            19424 2148201208   77756   53348   54384    22021     40  261
conhost           11988 2147569696    9420    4968    5128     2455      7  160
dotnet            32456 2148199204   75308   51648   52540    21081     40  260
conhost            8696 2147569704    9412    4972    5128     2451      7  160
dotnet             4432 2148199268   72872   49200   50076    20393     40  260
conhost           12056 2147569688    9428    4980    5136     2458      7  160
dotnet            10444 2148199204   77984   54148   57544    22123     40  260
conhost           18180 2147569684    9388    4972    5128     2446      7  160
winpty-agent      29300   79828    8596    4736    4764     2247      6  148
conhost           32820 2147582444   10008    4108    6392     4904      9  176
cmd                9004 2147506948    4172    2356    5236    15199      4   37
git-bash          30036   78704    4900    1568    1660     1311      6  146
mintty            34016  672076   19668    8624    8756     6641     16  267
conhost           32764 2147577104   11048    5220    5376     2873      9  175
bash              15172  587176   10388    7756    7764     3545      7  104
chrome            36544 2152107240   95980   58588   67136   103436     21  480
procexp64         24984  389404  160164  125328  132740 65371839     41  638
chrome            12784 2152113196   82488   41924   51600    44299     22  533
chrome            36072 2152117588   83504   42044   53404    53056     22  517
chrome            33512 2152159600  101628   44504   63424    68512     23  591
chrome             7340 2152127792   78912   36788   50032    61216     19  565
chrome            30168 2152129016  110912   71240   76684   186598     19  464
chrome            10416 2152100116   97496   60640   66908    45215     20  452
chrome            36360 2152184536  137152  105624  112400   177105     27  505
chrome            17036 2152139576  113212   69124   75640   162310     19  465
chrome            17204 2152067884   67456   36980   38312    25751     17  440
chrome            29424 2156346900   86524   49024   62936    44657     20  528
chrome            25332 2156363616   91148   56108   67404    72124     22  577
chrome             6804 2152126948  114116   77620   84164   130604     22  472
chrome            10060 2152130472  111768   78628   92160   101504     23  472
vcpkgsrv           2528 1123212   31612  130332  130664     9448    250  441
vcpkgsrv          21832 1123212   37440  130820  131144    11576    253  440
vcpkgsrv          22592 1123212   89944  133404  133504    28304    266  455
vcpkgsrv          36196 1124388  105216  134500  137564    34149    272  461
vcpkgsrv           9028 1123212   92644  131640  131960    29652    260  446
vcpkgsrv          34176 1126508   14284    8636  133600    35304     13  219
vcpkgsrv          15580 1123212   36768  130408  130728    11331    250  437
vcpkgsrv          16972 1133216   99008   27824   27856    26069    149  351
vcpkgsrv          10824 1152384  152060  172432  172752    41873    292  475
vcpkgsrv          23480 1129436   77028   17452   17700    20374    123  328
vcpkgsrv          14100 1129412   81728   17308   17556    21446    133  333
vcpkgsrv          26836 1151312  123536   30436   30436    32539    194  390
vcpkgsrv          30984 1129408   78684   17764   18012    20908    126  326
vcpkgsrv          32936 1121176   57744   14716   14964    15466     90  292
vcpkgsrv           7188 1129388   78048   17516   17764    20652    125  326
chrome            12248 2152115384   91312   48496   81288   167313     19  518
chrome            30152 2152116300  109604   75536   79736    88882     21  472
chrome            33400 2152209844   91964   53376   76812    70768     20  716
chrome            36400 2152230684  111164   77324   98824    98201     22  679
chrome            15032 2152176376   80580   40804   64916    50730     19  656
Code              29720 2151932020   64224   50964   69224    55360     14  456
Code              17188 2167325376  609492  574576  642268 15346168     79  703
CodeHelper         6836  179320   20868   17280   17460    29988     17  273
conhost           36424 2147566388    9276    4920    5076     2411      7  153
Code              20616 2152039468  472636  453408 1133368 28574427     50  504
winpty-agent      14680   83924    9296    5488    5488     2416      7  148
conhost           21812 2147578348   10444    4536    6276     4614      9  177
cmd               15808 2147578608   12900    8240    9904    12861      8  164
Code              34324 2151923828   30740   17472   22328    19223     15  461
Code              29936 2151923828   33388   20512   24256    19080     14  460
Code              29236 2151924712   34304   20600   24300    18400     15  462
Code              32276 2151952308  103460   89488  111700  4499996     15  460
cmd               32584 2147499768    2688    1620    2656      744      3   38
conhost           35208 2147569684    9692    4928    5084     2524      7  161
OmniSharp         30220 3643868 3165896 3125696 4000616 51797986    164  533
chrome            33048 2156353248   85004   50484   64152    64610     21  558
chrome            27464 2156365292   90496   49252   63680    53886     26  588
Code              32004 2151928948   39848   26584   45312    31124     15  460
Code              10352 2151932020   62068   49080   81088    53740     14  460
winpty-agent      33500   77780    6020    2048    2048     1594      6  148
conhost           20352 2147577324    9364    3388    6268     3548      9  177
bash              15212   78596    4848    1428    1528     1346      6  145
bash              15332  586956   10104    7140    7164     4878      7  103
dotnet            33952 2148202636   71116   45992   56864    23867     42  263
conhost           35816 2147569708    9380    4972    5128     2444      7  160
dotnet            16804 2148212460   76044   54420   58412    28113     44  278
conhost           15164 2147569724    9384    4976    5132     2444      7  160
dotnet            16652 2148202636   75464   50920   56328    27797     42  263
conhost           30384 2147569688    9388    4968    5128     2444      7  160
dotnet            12312 2148202636   68912   43552   55420    24800     42  263
conhost           27940 2147569696    9412    4964    5120     2450      7  160
dotnet            16556 2148212460   74016   51812   65828    27485     44  278
conhost           29592 2147569724    9384    4980    5136     2447      7  160
dotnet             8208 2148202636   71912   50380   55480    26108     42  263
conhost           12040 2147569716    9420    4972    5128     2453      7  160
dotnet            31648 2148201100   66924   41904   54092    23302     42  263
conhost           13404 2147569644    9388    4984    5144     2447      7  160
dotnet            16624 2148202636   70040   45120   54356    24759     42  263
conhost           25432 2147569680    9400    4964    5124     2448      7  160
dotnet            35008 2148201528   69548   44908   51040    25632     41  261
conhost           22068 2147569684    9368    4972    5076     2437      7  160
dotnet            20208 2148212460   73568   51280   57836    30769     44  282
conhost           31612 2147569644    9372    4968    5124     2442      7  160
dotnet            27412 2148202636   71112   45768   57336    25616     42  267
conhost            1736 2147569680    9372    4968    5124     2445      7  160
chrome            19564 2152078032   81168   42924   53336    44281     18  452
chrome            32684 2152138064  106564   60820   65860    68982     24  477
Code              14924 2162689412  236068  211712  261288   770117     36  645
Code              31432 2152000748  329504  310964  379192   328413     24  488
winpty-agent      34616   77780    6092    2136    2136     1612      6  148
conhost           35924 2147582444    9348    3488    6304     4070      9  176
cmd               34268 2147578120   11532    6880    9972     9011      8  163
CodeHelper        21500  170192   20288   16484   16928     5670     15  269
conhost           24804 2147566444    9268    4928    5084     2412      7  153
Code              34804 2151923828   33244   20752   24544    18499     14  464
Code              11844 2151924712   33884   20384   24108    18663     15  466
Code              32368 2151936116   69208   53988   67040   144447     15  464
cmd               13140 2147499768    2672    1624    2660      738      3   42
conhost           28112 2147569752    9664    4920    5076     2515      7  161
OmniSharp          9824 1061196  522300  476028  519164   642495    119  552
Code              25044 2162728544  379720  349556  469576   874569     48  706
Code              34372 2152065928  460188  439960  471452   398866     53  510
winpty-agent       5324   77780    6520    2536    2536     1718      6  148
conhost            8784 2147577324    9560    3652    6268     3717      9  176
cmd               28824 2147574024   11260    6572    9668    11275      8  163
CodeHelper         2428  170192   15824   12184   12664     4544     15  267
conhost           29456 2147566392    9284    4928    5084     2412      7  153
Code              11692 2151923828   32920   20412   25252    19384     14  464
Code              30800 2151924712   33928   20844   24428    19099     15  466
Code              14832 2151936116   77612   63404   89276   126045     15  464
cpptools          31588  223572   98364   90876   90952    68667     18  207
conhost             420 2147566452    9188    4928    5084     2391      7  154
Code               9360 2151923828   30012   17724   20804    17288     14  464
Code              20896 2151984152   82736   68444   88788    36704     16  466
cmd               32984 2147499768    2680    1612    2644      745      3   42
conhost           34480 2147569680    9632    4924    5080     2507      7  161
OmniSharp         36244 1038420  485188  444164  455032   660911    112  512
Microsoft.Python.LanguageServer 16264 2148122160  306224  288096  296668   110877     42  273
conhost           34204 2147566416    9252    4936    5096     2410      7  153
cpptools-srv      16528 1147572  123160   25932  112724   135002    201  353
Code              13252 2162755612  328744  286264  311360   905057     50  706
Code               6776 2152053064  459420  440460  495740   472062     51  512
winpty-agent      27560   77780    6060    2116    2116     1608      6  148
conhost           23392 2147577324    9440    3648    6268     3692      9  176
cmd                2684 2147578608   11696    6924    8968    11241      8  164
CodeHelper        15636  170128   14248   10740   11440     3913     15  267
conhost           34528 2147566388    9284    4916    5076     2420      7  153
Code              28788 2151923828   30324   17048   21884    19313     15  465
Code              25816 2151923828   33276   20592   25052    19517     14  464
Code              32388 2151924712   33804   20396   24360    19445     15  466
Code              30760 2151936116   82376   67676   93112   184413     15  464
cpptools           8808  387284  238496  233068  264148   225193     20  207
conhost           36256 2147566404    9192    4916    5072     2394      7  154
Code              12000 2151923828   29776   16840   20552    17398     14  464
Code              20084 2151984180   82352   68072   89400    37131     16  466
cmd               25380 2147499768    2680    1620    2652      743      3   42
conhost           10812 2147569668    9648    4940    5096     2521      7  161
OmniSharp         20264  708796  110048   86472   96148   177480     74  506
cpptools-srv      36364   98564    7316    3620    3828     1952     11  176
Code              25204 2151937552   44004   28992   48804    47204     16  468
chrome            26240 2152210156  181204  154164  157620   127717     31  464
chrome            22756 2152022084   24952   12904   15000     7336     14  429
Code              28560 2151928948   32700   18796   23616    15812     15  460
WmiPrvSE          27288 2147528136    8452    1948    4440     2647      9   78
pslist64          12112   94836    7984    3872    3872     5518      8  166
