Shell became angry upon creation!: Failure occurred at Launch J:\dev\projects\z0\src\konst\src\wf.core\abstractions\ShellS.cs 94
System.Reflection.TargetInvocationException: Exception has been thrown by the target of an invocation.
 ---> System.Reflection.ReflectionTypeLoadException: Unable to load one or more of the requested types.
Method 'Run' in type 'Z0.ProcessPartFilesHost' from assembly 'machine, Version=1.0.43.0, Culture=neutral, PublicKeyToken=null' does not have an implementation.
   at System.Reflection.RuntimeModule.GetTypes(RuntimeModule module)
   at System.Reflection.RuntimeModule.GetTypes()
   at System.Reflection.Assembly.GetTypes()
   at Z0.ApiQuery.resolve(Assembly src) in J:\dev\projects\z0\src\konst\src\api.catalog\ops\resolve.cs:line 22
   at Z0.ApiQuery.part(FilePath src, String caller, String file, Nullable`1 line) in J:\dev\projects\z0\src\konst\src\api.catalog\ops\part.cs:line 42
   at Z0.ApiQuery.<>c__DisplayClass38_0.<parts>b__0(FilePath p) in J:\dev\projects\z0\src\konst\src\api.catalog\ops\parts.cs:line 28
   at Z0.ApiQuery.parts(FilePath[] paths, String caller, String file, Nullable`1 line) in J:\dev\projects\z0\src\konst\src\api.catalog\ops\parts.cs:line 28
   at Z0.ApiQuery.parts(Files paths) in J:\dev\projects\z0\src\konst\src\api.catalog\ops\parts.cs:line 17
   at Z0.ApiModules..ctor(Assembly root, PartId[] parts) in J:\dev\projects\z0\src\konst\src\api.models\ApiModules.cs:line 39
   at Z0.Flow.modules(Assembly control, String[] args) in J:\dev\projects\z0\src\konst\src\wf.core\ops\modules.cs:line 21
   at Z0.Apps.context() in J:\dev\projects\z0\src\apps\src\Apps.cs:line 19
   at Z0.App..ctor() in J:\dev\projects\z0\src\run\src\App.cs:line 31
System.TypeLoadException: Method 'Run' in type 'Z0.ProcessPartFilesHost' from assembly 'machine, Version=1.0.43.0, Culture=neutral, PublicKeyToken=null' does not have an implementation.
   --- End of inner exception stack trace ---
   at System.RuntimeTypeHandle.CreateInstance(RuntimeType type, Boolean publicOnly, Boolean wrapExceptions, Boolean& canBeCached, RuntimeMethodHandleInternal& ctor, Boolean& hasNoDefaultCtor)
   at System.RuntimeType.CreateInstanceDefaultCtorSlow(Boolean publicOnly, Boolean wrapExceptions, Boolean fillCache)
   at System.RuntimeType.CreateInstanceDefaultCtor(Boolean publicOnly, Boolean skipCheckThis, Boolean fillCache, Boolean wrapExceptions)
   at System.Activator.CreateInstance[T]()
   at Z0.Shell`1.Launch(String[] args) in J:\dev\projects\z0\src\konst\src\wf.core\abstractions\ShellS.cs:line 85

