Failure trapped by Main at J:\dev\projects\z0\src\dynoshell\src\App.cs 25
System.ArgumentException: Cannot create an instance of Z0.CmdReactor`3[H,S,T] because Type.ContainsGenericParameters is true.
   at System.RuntimeType.CreateInstanceCheckThis()
   at System.RuntimeType.CreateInstanceDefaultCtor(Boolean publicOnly, Boolean skipCheckThis, Boolean fillCache, Boolean wrapExceptions)
   at System.Activator.CreateInstance(Type type, Boolean nonPublic, Boolean wrapExceptions)
   at Z0.WfShell.<>c.<reactors>b__18_0(Type t) in j:\dev\projects\z0\src\konst\src\wf.shell\ops\reactors.cs:line 20
   at Z0.WfShell.reactors(IWfShell wf, Assembly[] components) in j:\dev\projects\z0\src\konst\src\wf.shell\ops\reactors.cs:line 20
   at Z0.WfShell.create(String[] args, Boolean verbose) in j:\dev\projects\z0\src\konst\src\wf.shell\ops\create.cs:line 40
   at Z0.App.Main(String[] args) in J:\dev\projects\z0\src\dynoshell\src\App.cs:line 20

Failure trapped by Main at J:\dev\projects\z0\src\dynoshell\src\App.cs 26
System.Exception: Failure starting Process
    Exception: The system cannot find the file specified.
    Cmd: dir j:\
    Cmd dir implemented by Cmd.exe, fix by prefixing with 'cmd /c'.
 ---> System.ComponentModel.Win32Exception (2): The system cannot find the file specified.
   at System.Diagnostics.Process.StartWithCreateProcess(ProcessStartInfo startInfo)
   at System.Diagnostics.Process.Start()
   at Z0.CmdProcess..ctor(IWfShell wf, CmdLine commandLine, CmdProcessOptions options) in j:\dev\projects\z0\src\konst\src\wf.cmd\services\CmdProcess.cs:line 208
   --- End of inner exception stack trace ---
   at Z0.CmdProcess..ctor(IWfShell wf, CmdLine commandLine, CmdProcessOptions options) in j:\dev\projects\z0\src\konst\src\wf.cmd\services\CmdProcess.cs:line 225
   at Z0.App.Main(String[] args) in J:\dev\projects\z0\src\dynoshell\src\App.cs:line 21

Failure trapped by Main at j:\dev\projects\z0\src\dynoshell\src\App.cs 49
System.InvalidOperationException: No process is associated with this object.
   at System.Diagnostics.Process.EnsureState(State state)
   at System.Diagnostics.Process.EnsureState(State state)
   at System.Diagnostics.Process.GetProcessHandle(Int32 access, Boolean throwIfExited)
   at System.Diagnostics.Process.WaitForExitCore(Int32 milliseconds)
   at Z0.App.Main(String[] args) in j:\dev\projects\z0\src\dynoshell\src\App.cs:line 38

Failure trapped by Main at J:\dev\projects\z0\src\dynoshell\src\App.cs 49
System.InvalidOperationException: No process is associated with this object.
   at System.Diagnostics.Process.EnsureState(State state)
   at System.Diagnostics.Process.EnsureState(State state)
   at System.Diagnostics.Process.GetProcessHandle(Int32 access, Boolean throwIfExited)
   at System.Diagnostics.Process.WaitForExitCore(Int32 milliseconds)
   at Z0.App.Main(String[] args) in J:\dev\projects\z0\src\dynoshell\src\App.cs:line 38

Failure trapped by Main at J:\dev\projects\z0\src\dynoshell\src\App.cs 49
System.InvalidOperationException: No process is associated with this object.
   at System.Diagnostics.Process.EnsureState(State state)
   at System.Diagnostics.Process.EnsureState(State state)
   at System.Diagnostics.Process.GetProcessHandle(Int32 access, Boolean throwIfExited)
   at System.Diagnostics.Process.WaitForExitCore(Int32 milliseconds)
   at Z0.App.Main(String[] args) in J:\dev\projects\z0\src\dynoshell\src\App.cs:line 38

Failure trapped by Main at J:\dev\projects\z0\src\dynoshell\src\App.cs 45
System.InvalidOperationException: RunSynchronously may not be called on a task not bound to a delegate, such as the task returned from an asynchronous method.
   at System.Threading.Tasks.Task.InternalRunSynchronously(TaskScheduler scheduler, Boolean waitForCompletion)
   at Z0.Interpreter`1.WaitForExit() in J:\dev\projects\z0\src\dynoshell\src\core\InterpreterH.cs:line 186
   at Z0.App.Main(String[] args) in J:\dev\projects\z0\src\dynoshell\src\App.cs:line 34

EventLogError: Failure occurred at LogStatus j:\dev\projects\z0\src\konst\src\wf.logs\services\WfProcLog.cs 45
System.ArgumentNullException: String reference not set to an instance of a String. (Parameter 's')
   at System.Text.Encoding.GetBytes(String s)
   at Z0.FS.write(String src, FileStream dst, Encoding encoding) in j:\dev\projects\z0\src\konst\src\files\ops\stream.cs:line 37
   at Z0.WfProcLog.LogStatus(String content) in j:\dev\projects\z0\src\konst\src\wf.logs\services\WfProcLog.cs:line 41

EventLogError: Failure occurred at LogStatus j:\dev\projects\z0\src\konst\src\wf.logs\services\WfProcLog.cs 45
System.ArgumentNullException: String reference not set to an instance of a String. (Parameter 's')
   at System.Text.Encoding.GetBytes(String s)
   at Z0.FS.write(String src, FileStream dst, Encoding encoding) in j:\dev\projects\z0\src\konst\src\files\ops\stream.cs:line 37
   at Z0.WfProcLog.LogStatus(String content) in j:\dev\projects\z0\src\konst\src\wf.logs\services\WfProcLog.cs:line 41

EventLogError: Failure occurred at LogStatus j:\dev\projects\z0\src\konst\src\wf.logs\services\WfProcLog.cs 45
System.ArgumentNullException: String reference not set to an instance of a String. (Parameter 's')
   at System.Text.Encoding.GetBytes(String s)
   at Z0.FS.write(String src, FileStream dst, Encoding encoding) in j:\dev\projects\z0\src\konst\src\files\ops\stream.cs:line 37
   at Z0.WfProcLog.LogStatus(String content) in j:\dev\projects\z0\src\konst\src\wf.logs\services\WfProcLog.cs:line 41

EventLogError: Failure occurred at LogStatus j:\dev\projects\z0\src\konst\src\wf.logs\services\WfProcLog.cs 45
System.ArgumentNullException: String reference not set to an instance of a String. (Parameter 's')
   at System.Text.Encoding.GetBytes(String s)
   at Z0.FS.write(String src, FileStream dst, Encoding encoding) in j:\dev\projects\z0\src\konst\src\files\ops\stream.cs:line 37
   at Z0.WfProcLog.LogStatus(String content) in j:\dev\projects\z0\src\konst\src\wf.logs\services\WfProcLog.cs:line 41

