Build started 10/14/2020 11:21:21 PM.
Logging verbosity is set to: Normal.     1>Project "J:\lang\net\runtime\artifacts\obj\coreclr\Linux.x64.Release\crossgen\install.vcxproj" on node 1 (default targets).
     1>Project "J:\lang\net\runtime\artifacts\obj\coreclr\Linux.x64.Release\crossgen\install.vcxproj" (1) is building "J:\lang\net\runtime\artifacts\obj\coreclr\Linux.x64.Release\crossgen\ZERO_CHECK.vcxproj" (2) on node 1 (default targets).
     2>InitializeBuildStatus:
         Creating "x64\Release\ZERO_CHECK\ZERO_CHECK.tlog\unsuccessfulbuild" because "AlwaysCreate" was specified.
       CustomBuild:
         All outputs are up-to-date.
         Checking Build System
       FinalizeBuildStatus:
         Deleting file "x64\Release\ZERO_CHECK\ZERO_CHECK.tlog\unsuccessfulbuild".
         Touching "x64\Release\ZERO_CHECK\ZERO_CHECK.tlog\ZERO_CHECK.lastbuildstate".
     2>Done Building Project "J:\lang\net\runtime\artifacts\obj\coreclr\Linux.x64.Release\crossgen\ZERO_CHECK.vcxproj" (default targets).
     1>Project "J:\lang\net\runtime\artifacts\obj\coreclr\Linux.x64.Release\crossgen\install.vcxproj" (1) is building "J:\lang\net\runtime\artifacts\obj\coreclr\Linux.x64.Release\crossgen\ALL_BUILD.vcxproj" (3) on node 2 (default targets).
     3>Project "J:\lang\net\runtime\artifacts\obj\coreclr\Linux.x64.Release\crossgen\ALL_BUILD.vcxproj" (3) is building "J:\lang\net\runtime\artifacts\obj\coreclr\Linux.x64.Release\crossgen\src\pal\src\libunwind\src\libunwind_xdac.vcxproj" (4) on node 2 (default targets).
     4>InitializeBuildStatus:
         Creating "libunwind_xdac.dir\Release\libunwind_xdac.tlog\unsuccessfulbuild" because "AlwaysCreate" was specified.
       CustomBuild:
         All outputs are up-to-date.
       ClCompile:
         All outputs are up-to-date.
         All outputs are up-to-date.
       Lib:
         All outputs are up-to-date.
         libunwind_xdac.vcxproj -> J:\lang\net\runtime\artifacts\obj\coreclr\Linux.x64.Release\crossgen\src\pal\src\libunwind\src\libunwind_xdac.dir\Release\libunwind_xdac.lib
       FinalizeBuildStatus:
         Deleting file "libunwind_xdac.dir\Release\libunwind_xdac.tlog\unsuccessfulbuild".
         Touching "libunwind_xdac.dir\Release\libunwind_xdac.tlog\libunwind_xdac.lastbuildstate".
     4>Done Building Project "J:\lang\net\runtime\artifacts\obj\coreclr\Linux.x64.Release\crossgen\src\pal\src\libunwind\src\libunwind_xdac.vcxproj" (default targets).
     3>Project "J:\lang\net\runtime\artifacts\obj\coreclr\Linux.x64.Release\crossgen\ALL_BUILD.vcxproj" (3) is building "J:\lang\net\runtime\artifacts\obj\coreclr\Linux.x64.Release\crossgen\src\dlls\mscordac\mscordaccore.vcxproj" (5) on node 1 (default targets).
     5>Project "J:\lang\net\runtime\artifacts\obj\coreclr\Linux.x64.Release\crossgen\src\dlls\mscordac\mscordaccore.vcxproj" (5) is building "J:\lang\net\runtime\artifacts\obj\coreclr\Linux.x64.Release\crossgen\src\inc\corguids_obj.vcxproj" (6) on node 1 (default targets).
     6>InitializeBuildStatus:
         Creating "corguids_obj.dir\Release\corguids_obj.tlog\unsuccessfulbuild" because "AlwaysCreate" was specified.
       CustomBuild:
         All outputs are up-to-date.
       ClCompile:
         All outputs are up-to-date.
       Lib:
         All outputs are up-to-date.
         corguids_obj.vcxproj -> J:\lang\net\runtime\artifacts\obj\coreclr\Linux.x64.Release\crossgen\src\inc\corguids_obj.dir\Release\corguids_obj.lib
       FinalizeBuildStatus:
         Deleting file "corguids_obj.dir\Release\corguids_obj.tlog\unsuccessfulbuild".
         Touching "corguids_obj.dir\Release\corguids_obj.tlog\corguids_obj.lastbuildstate".
     6>Done Building Project "J:\lang\net\runtime\artifacts\obj\coreclr\Linux.x64.Release\crossgen\src\inc\corguids_obj.vcxproj" (default targets).
     5>Project "J:\lang\net\runtime\artifacts\obj\coreclr\Linux.x64.Release\crossgen\src\dlls\mscordac\mscordaccore.vcxproj" (5) is building "J:\lang\net\runtime\artifacts\obj\coreclr\Linux.x64.Release\crossgen\src\dlls\mscordac\mscordaccore_def.vcxproj" (8) on node 3 (default targets).
     8>InitializeBuildStatus:
         Creating "x64\Release\mscordaccore_def\mscordaccore_def.tlog\unsuccessfulbuild" because "AlwaysCreate" was specified.
     5>Project "J:\lang\net\runtime\artifacts\obj\coreclr\Linux.x64.Release\crossgen\src\dlls\mscordac\mscordaccore.vcxproj" (5) is building "J:\lang\net\runtime\artifacts\obj\coreclr\Linux.x64.Release\crossgen\src\dlls\mscordac\mscordacobj.vcxproj" (10) on node 5 (default targets).
    10>InitializeBuildStatus:
         Creating "mscordacobj.dir\Release\mscordacobj.tlog\unsuccessfulbuild" because "AlwaysCreate" was specified.
       CustomBuild:
         All outputs are up-to-date.
     3>Project "J:\lang\net\runtime\artifacts\obj\coreclr\Linux.x64.Release\crossgen\ALL_BUILD.vcxproj" (3) is building "J:\lang\net\runtime\artifacts\obj\coreclr\Linux.x64.Release\crossgen\src\dlls\mscordbi\mscordbi.vcxproj" (7) on node 2 (default targets).
     7>Project "J:\lang\net\runtime\artifacts\obj\coreclr\Linux.x64.Release\crossgen\src\dlls\mscordbi\mscordbi.vcxproj" (7) is building "J:\lang\net\runtime\artifacts\obj\coreclr\Linux.x64.Release\crossgen\src\debug\debug-pal\debug-pal_obj.vcxproj" (11) on node 2 (default targets).
    11>InitializeBuildStatus:
         Creating "debug-pal_obj.dir\Release\debug-pal_obj.tlog\unsuccessfulbuild" because "AlwaysCreate" was specified.
     7>Project "J:\lang\net\runtime\artifacts\obj\coreclr\Linux.x64.Release\crossgen\src\dlls\mscordbi\mscordbi.vcxproj" (7) is building "J:\lang\net\runtime\artifacts\obj\coreclr\Linux.x64.Release\crossgen\src\debug\ildbsymlib\ildbsymlib_obj.vcxproj" (12) on node 6 (default targets).
    12>InitializeBuildStatus:
         Creating "ildbsymlib_obj.dir\Release\ildbsymlib_obj.tlog\unsuccessfulbuild" because "AlwaysCreate" was specified.
    11>CustomBuild:
         All outputs are up-to-date.
     8>FinalizeBuildStatus:
         Deleting file "x64\Release\mscordaccore_def\mscordaccore_def.tlog\unsuccessfulbuild".
         Touching "x64\Release\mscordaccore_def\mscordaccore_def.tlog\mscordaccore_def.lastbuildstate".
     8>Done Building Project "J:\lang\net\runtime\artifacts\obj\coreclr\Linux.x64.Release\crossgen\src\dlls\mscordac\mscordaccore_def.vcxproj" (default targets).
    12>CustomBuild:
         All outputs are up-to-date.
    10>ClCompile:
         All outputs are up-to-date.
    11>ClCompile:
         All outputs are up-to-date.
    12>ClCompile:
         All outputs are up-to-date.
    10>Lib:
         All outputs are up-to-date.
         mscordacobj.vcxproj -> J:\lang\net\runtime\artifacts\obj\coreclr\Linux.x64.Release\crossgen\src\dlls\mscordac\mscordacobj.dir\Release\mscordacobj.lib
    11>Lib:
         All outputs are up-to-date.
    12>Lib:
         All outputs are up-to-date.
    11>Lib:
         debug-pal_obj.vcxproj -> J:\lang\net\runtime\artifacts\obj\coreclr\Linux.x64.Release\crossgen\src\debug\debug-pal\debug-pal_obj.dir\Release\debug-pal_obj.lib
    12>Lib:
         ildbsymlib_obj.vcxproj -> J:\lang\net\runtime\artifacts\obj\coreclr\Linux.x64.Release\crossgen\src\debug\ildbsymlib\ildbsymlib_obj.dir\Release\ildbsymlib_obj.lib
    10>FinalizeBuildStatus:
         Deleting file "mscordacobj.dir\Release\mscordacobj.tlog\unsuccessfulbuild".
         Touching "mscordacobj.dir\Release\mscordacobj.tlog\mscordacobj.lastbuildstate".
    10>Done Building Project "J:\lang\net\runtime\artifacts\obj\coreclr\Linux.x64.Release\crossgen\src\dlls\mscordac\mscordacobj.vcxproj" (default targets).
    11>FinalizeBuildStatus:
         Deleting file "debug-pal_obj.dir\Release\debug-pal_obj.tlog\unsuccessfulbuild".
         Touching "debug-pal_obj.dir\Release\debug-pal_obj.tlog\debug-pal_obj.lastbuildstate".
    11>Done Building Project "J:\lang\net\runtime\artifacts\obj\coreclr\Linux.x64.Release\crossgen\src\debug\debug-pal\debug-pal_obj.vcxproj" (default targets).
    12>FinalizeBuildStatus:
         Deleting file "ildbsymlib_obj.dir\Release\ildbsymlib_obj.tlog\unsuccessfulbuild".
         Touching "ildbsymlib_obj.dir\Release\ildbsymlib_obj.tlog\ildbsymlib_obj.lastbuildstate".
    12>Done Building Project "J:\lang\net\runtime\artifacts\obj\coreclr\Linux.x64.Release\crossgen\src\debug\ildbsymlib\ildbsymlib_obj.vcxproj" (default targets).
     7>Project "J:\lang\net\runtime\artifacts\obj\coreclr\Linux.x64.Release\crossgen\src\dlls\mscordbi\mscordbi.vcxproj" (7) is building "J:\lang\net\runtime\artifacts\obj\coreclr\Linux.x64.Release\crossgen\src\md\hotdata\mdhotdata-staticcrt.vcxproj" (13) on node 1 (default targets).
    13>InitializeBuildStatus:
         Creating "mdhotdata-staticcrt.dir\Release\mdhotdat.804CDC1B.tlog\unsuccessfulbuild" because "AlwaysCreate" was specified.
       CustomBuild:
         All outputs are up-to-date.
       ClCompile:
         All outputs are up-to-date.
         All outputs are up-to-date.
       Lib:
         All outputs are up-to-date.
         mdhotdata-staticcrt.vcxproj -> J:\lang\net\runtime\artifacts\obj\coreclr\Linux.x64.Release\crossgen\src\md\hotdata\Release\mdhotdata-staticcrt.lib
       FinalizeBuildStatus:
         Deleting file "mdhotdata-staticcrt.dir\Release\mdhotdat.804CDC1B.tlog\unsuccessfulbuild".
         Touching "mdhotdata-staticcrt.dir\Release\mdhotdat.804CDC1B.tlog\mdhotdata-staticcrt.lastbuildstate".
    13>Done Building Project "J:\lang\net\runtime\artifacts\obj\coreclr\Linux.x64.Release\crossgen\src\md\hotdata\mdhotdata-staticcrt.vcxproj" (default targets).
     7>Project "J:\lang\net\runtime\artifacts\obj\coreclr\Linux.x64.Release\crossgen\src\dlls\mscordbi\mscordbi.vcxproj" (7) is building "J:\lang\net\runtime\artifacts\obj\coreclr\Linux.x64.Release\crossgen\src\md\runtime\mdruntime-dbi.vcxproj" (15) on node 2 (default targets).
    15>InitializeBuildStatus:
         Creating "mdruntime-dbi.dir\Release\mdruntime-dbi.tlog\unsuccessfulbuild" because "AlwaysCreate" was specified.
     7>Project "J:\lang\net\runtime\artifacts\obj\coreclr\Linux.x64.Release\crossgen\src\dlls\mscordbi\mscordbi.vcxproj" (7) is building "J:\lang\net\runtime\artifacts\obj\coreclr\Linux.x64.Release\crossgen\src\md\datasource\mddatasource_dbi.vcxproj" (16) on node 6 (default targets).
    16>InitializeBuildStatus:
         Creating "mddatasource_dbi.dir\Release\mddatasource_dbi.tlog\unsuccessfulbuild" because "AlwaysCreate" was specified.
    15>CustomBuild:
         All outputs are up-to-date.
     7>Project "J:\lang\net\runtime\artifacts\obj\coreclr\Linux.x64.Release\crossgen\src\dlls\mscordbi\mscordbi.vcxproj" (7) is building "J:\lang\net\runtime\artifacts\obj\coreclr\Linux.x64.Release\crossgen\src\md\compiler\mdcompiler-dbi.vcxproj" (18) on node 5 (default targets).
    18>InitializeBuildStatus:
         Creating "mdcompiler-dbi.dir\Release\mdcompiler-dbi.tlog\unsuccessfulbuild" because "AlwaysCreate" was specified.
    16>CustomBuild:
         All outputs are up-to-date.
    18>CustomBuild:
         All outputs are up-to-date.
     7>Project "J:\lang\net\runtime\artifacts\obj\coreclr\Linux.x64.Release\crossgen\src\dlls\mscordbi\mscordbi.vcxproj" (7) is building "J:\lang\net\runtime\artifacts\obj\coreclr\Linux.x64.Release\crossgen\src\md\enc\mdruntimerw-dbi.vcxproj" (20) on node 7 (default targets).
    20>InitializeBuildStatus:
         Creating "mdruntimerw-dbi.dir\Release\mdruntimerw-dbi.tlog\unsuccessfulbuild" because "AlwaysCreate" was specified.
    15>ClCompile:
         All outputs are up-to-date.
    20>CustomBuild:
         All outputs are up-to-date.
    16>ClCompile:
         All outputs are up-to-date.
         All outputs are up-to-date.
    18>ClCompile:
         All outputs are up-to-date.
    15>ClCompile:
         All outputs are up-to-date.
    16>Lib:
         All outputs are up-to-date.
         mddatasource_dbi.vcxproj -> J:\lang\net\runtime\artifacts\obj\coreclr\Linux.x64.Release\crossgen\src\md\datasource\Release\mddatasource_dbi.lib
    15>Lib:
         All outputs are up-to-date.
         mdruntime-dbi.vcxproj -> J:\lang\net\runtime\artifacts\obj\coreclr\Linux.x64.Release\crossgen\src\md\runtime\Release\mdruntime-dbi.lib
    20>ClCompile:
         All outputs are up-to-date.
    18>ClCompile:
         All outputs are up-to-date.
    20>ClCompile:
         All outputs are up-to-date.
    18>Lib:
         All outputs are up-to-date.
         mdcompiler-dbi.vcxproj -> J:\lang\net\runtime\artifacts\obj\coreclr\Linux.x64.Release\crossgen\src\md\compiler\Release\mdcompiler-dbi.lib
    20>Lib:
         All outputs are up-to-date.
         mdruntimerw-dbi.vcxproj -> J:\lang\net\runtime\artifacts\obj\coreclr\Linux.x64.Release\crossgen\src\md\enc\Release\mdruntimerw-dbi.lib
    16>FinalizeBuildStatus:
         Deleting file "mddatasource_dbi.dir\Release\mddatasource_dbi.tlog\unsuccessfulbuild".
         Touching "mddatasource_dbi.dir\Release\mddatasource_dbi.tlog\mddatasource_dbi.lastbuildstate".
    16>Done Building Project "J:\lang\net\runtime\artifacts\obj\coreclr\Linux.x64.Release\crossgen\src\md\datasource\mddatasource_dbi.vcxproj" (default targets).
    15>FinalizeBuildStatus:
         Deleting file "mdruntime-dbi.dir\Release\mdruntime-dbi.tlog\unsuccessfulbuild".
         Touching "mdruntime-dbi.dir\Release\mdruntime-dbi.tlog\mdruntime-dbi.lastbuildstate".
    15>Done Building Project "J:\lang\net\runtime\artifacts\obj\coreclr\Linux.x64.Release\crossgen\src\md\runtime\mdruntime-dbi.vcxproj" (default targets).
    18>FinalizeBuildStatus:
         Deleting file "mdcompiler-dbi.dir\Release\mdcompiler-dbi.tlog\unsuccessfulbuild".
         Touching "mdcompiler-dbi.dir\Release\mdcompiler-dbi.tlog\mdcompiler-dbi.lastbuildstate".
    18>Done Building Project "J:\lang\net\runtime\artifacts\obj\coreclr\Linux.x64.Release\crossgen\src\md\compiler\mdcompiler-dbi.vcxproj" (default targets).
    20>FinalizeBuildStatus:
         Deleting file "mdruntimerw-dbi.dir\Release\mdruntimerw-dbi.tlog\unsuccessfulbuild".
         Touching "mdruntimerw-dbi.dir\Release\mdruntimerw-dbi.tlog\mdruntimerw-dbi.lastbuildstate".
    20>Done Building Project "J:\lang\net\runtime\artifacts\obj\coreclr\Linux.x64.Release\crossgen\src\md\enc\mdruntimerw-dbi.vcxproj" (default targets).
     5>Project "J:\lang\net\runtime\artifacts\obj\coreclr\Linux.x64.Release\crossgen\src\dlls\mscordac\mscordaccore.vcxproj" (5) is building "J:\lang\net\runtime\artifacts\obj\coreclr\Linux.x64.Release\crossgen\src\dlls\mscordac\mscordaccore_exp.vcxproj" (9) on node 4 (default targets).
     9>Project "J:\lang\net\runtime\artifacts\obj\coreclr\Linux.x64.Release\crossgen\src\dlls\mscordac\mscordaccore_exp.vcxproj" (9) is building "J:\lang\net\runtime\artifacts\obj\coreclr\Linux.x64.Release\crossgen\src\debug\daccess\daccess.vcxproj" (14) on node 3 (default targets).
    14>Project "J:\lang\net\runtime\artifacts\obj\coreclr\Linux.x64.Release\crossgen\src\debug\daccess\daccess.vcxproj" (14) is building "J:\lang\net\runtime\artifacts\obj\coreclr\Linux.x64.Release\crossgen\src\vm\eventing\eventing_headers.vcxproj" (21) on node 3 (default targets).
    21>Project "J:\lang\net\runtime\artifacts\obj\coreclr\Linux.x64.Release\crossgen\src\vm\eventing\eventing_headers.vcxproj" (21) is building "J:\lang\net\runtime\artifacts\obj\coreclr\Linux.x64.Release\crossgen\src\vm\eventing\EtwProvider\eventprovider.vcxproj" (22) on node 8 (default targets).
    22>InitializeBuildStatus:
         Creating "x64\Release\eventprovider\eventprovider.tlog\unsuccessfulbuild" because "AlwaysCreate" was specified.
       FinalizeBuildStatus:
         Deleting file "x64\Release\eventprovider\eventprovider.tlog\unsuccessfulbuild".
         Touching "x64\Release\eventprovider\eventprovider.tlog\eventprovider.lastbuildstate".
    22>Done Building Project "J:\lang\net\runtime\artifacts\obj\coreclr\Linux.x64.Release\crossgen\src\vm\eventing\EtwProvider\eventprovider.vcxproj" (default targets).
    21>InitializeBuildStatus:
         Creating "x64\Release\eventing_headers\eventing_headers.tlog\unsuccessfulbuild" because "AlwaysCreate" was specified.
       FinalizeBuildStatus:
         Deleting file "x64\Release\eventing_headers\eventing_headers.tlog\unsuccessfulbuild".
         Touching "x64\Release\eventing_headers\eventing_headers.tlog\eventing_headers.lastbuildstate".
    21>Done Building Project "J:\lang\net\runtime\artifacts\obj\coreclr\Linux.x64.Release\crossgen\src\vm\eventing\eventing_headers.vcxproj" (default targets).
    14>InitializeBuildStatus:
         Creating "daccess.dir\Release\daccess.tlog\unsuccessfulbuild" because "AlwaysCreate" was specified.
     7>Project "J:\lang\net\runtime\artifacts\obj\coreclr\Linux.x64.Release\crossgen\src\dlls\mscordbi\mscordbi.vcxproj" (7) is building "J:\lang\net\runtime\artifacts\obj\coreclr\Linux.x64.Release\crossgen\src\debug\di\cordbdi.vcxproj" (17) on node 4 (default targets).
    17>InitializeBuildStatus:
         Creating "cordbdi.dir\Release\cordbdi.tlog\unsuccessfulbuild" because "AlwaysCreate" was specified.
     7>Project "J:\lang\net\runtime\artifacts\obj\coreclr\Linux.x64.Release\crossgen\src\dlls\mscordbi\mscordbi.vcxproj" (7) is building "J:\lang\net\runtime\artifacts\obj\coreclr\Linux.x64.Release\crossgen\src\utilcode\utilcodestaticnohost.vcxproj" (19) on node 8 (default targets).
    19>InitializeBuildStatus:
         Creating "utilcodestaticnohost.dir\Release\utilcode.D4609B92.tlog\unsuccessfulbuild" because "AlwaysCreate" was specified.
    14>CustomBuild:
         All outputs are up-to-date.
    17>CustomBuild:
         All outputs are up-to-date.
    19>CustomBuild:
         All outputs are up-to-date.
    17>_MASM:
       Skipping target "_MASM" because all output files are up-to-date with respect to the input files.
    14>ClCompile:
         All outputs are up-to-date.
    17>ClCompile:
         All outputs are up-to-date.
    19>ClCompile:
         All outputs are up-to-date.
    14>ClCompile:
         All outputs are up-to-date.
    17>ClCompile:
         All outputs are up-to-date.
    19>ClCompile:
         All outputs are up-to-date.
    14>Lib:
         All outputs are up-to-date.
         daccess.vcxproj -> J:\lang\net\runtime\artifacts\obj\coreclr\Linux.x64.Release\crossgen\src\debug\daccess\Release\daccess.lib
    17>Lib:
         All outputs are up-to-date.
         cordbdi.vcxproj -> J:\lang\net\runtime\artifacts\obj\coreclr\Linux.x64.Release\crossgen\src\debug\di\Release\cordbdi.lib
    19>Lib:
         All outputs are up-to-date.
         utilcodestaticnohost.vcxproj -> J:\lang\net\runtime\artifacts\obj\coreclr\Linux.x64.Release\crossgen\src\utilcode\Release\utilcodestaticnohost.lib
       FinalizeBuildStatus:
         Deleting file "utilcodestaticnohost.dir\Release\utilcode.D4609B92.tlog\unsuccessfulbuild".
    14>FinalizeBuildStatus:
         Deleting file "daccess.dir\Release\daccess.tlog\unsuccessfulbuild".
    19>FinalizeBuildStatus:
         Touching "utilcodestaticnohost.dir\Release\utilcode.D4609B92.tlog\utilcodestaticnohost.lastbuildstate".
    14>FinalizeBuildStatus:
         Touching "daccess.dir\Release\daccess.tlog\daccess.lastbuildstate".
    19>Done Building Project "J:\lang\net\runtime\artifacts\obj\coreclr\Linux.x64.Release\crossgen\src\utilcode\utilcodestaticnohost.vcxproj" (default targets).
    14>Done Building Project "J:\lang\net\runtime\artifacts\obj\coreclr\Linux.x64.Release\crossgen\src\debug\daccess\daccess.vcxproj" (default targets).
    17>FinalizeBuildStatus:
         Deleting file "cordbdi.dir\Release\cordbdi.tlog\unsuccessfulbuild".
         Touching "cordbdi.dir\Release\cordbdi.tlog\cordbdi.lastbuildstate".
    17>Done Building Project "J:\lang\net\runtime\artifacts\obj\coreclr\Linux.x64.Release\crossgen\src\debug\di\cordbdi.vcxproj" (default targets).
     7>InitializeBuildStatus:
         Creating "mscordbi.dir\Release\mscordbi.tlog\unsuccessfulbuild" because "AlwaysCreate" was specified.
     9>InitializeBuildStatus:
         Creating "x64\Release\mscordaccore_exp\mscordaccore_exp.tlog\unsuccessfulbuild" because "AlwaysCreate" was specified.
     7>CustomBuild:
         All outputs are up-to-date.
       ClCompile:
         All outputs are up-to-date.
     9>FinalizeBuildStatus:
         Deleting file "x64\Release\mscordaccore_exp\mscordaccore_exp.tlog\unsuccessfulbuild".
         Touching "x64\Release\mscordaccore_exp\mscordaccore_exp.tlog\mscordaccore_exp.lastbuildstate".
     9>Done Building Project "J:\lang\net\runtime\artifacts\obj\coreclr\Linux.x64.Release\crossgen\src\dlls\mscordac\mscordaccore_exp.vcxproj" (default targets).
     7>ClCompile:
         All outputs are up-to-date.
       ResourceCompile:
         All outputs are up-to-date.
     5>Project "J:\lang\net\runtime\artifacts\obj\coreclr\Linux.x64.Release\crossgen\src\dlls\mscordac\mscordaccore.vcxproj" (5) is building "J:\lang\net\runtime\artifacts\obj\coreclr\Linux.x64.Release\crossgen\src\md\enc\mdruntimerw_dac.vcxproj" (23) on node 1 (default targets).
    23>InitializeBuildStatus:
         Creating "mdruntimerw_dac.dir\Release\mdruntimerw_dac.tlog\unsuccessfulbuild" because "AlwaysCreate" was specified.
       CustomBuild:
         All outputs are up-to-date.
       ClCompile:
         All outputs are up-to-date.
         All outputs are up-to-date.
       Lib:
         All outputs are up-to-date.
         mdruntimerw_dac.vcxproj -> J:\lang\net\runtime\artifacts\obj\coreclr\Linux.x64.Release\crossgen\src\md\enc\Release\mdruntimerw_dac.lib
       FinalizeBuildStatus:
         Deleting file "mdruntimerw_dac.dir\Release\mdruntimerw_dac.tlog\unsuccessfulbuild".
         Touching "mdruntimerw_dac.dir\Release\mdruntimerw_dac.tlog\mdruntimerw_dac.lastbuildstate".
    23>Done Building Project "J:\lang\net\runtime\artifacts\obj\coreclr\Linux.x64.Release\crossgen\src\md\enc\mdruntimerw_dac.vcxproj" (default targets).
     5>Project "J:\lang\net\runtime\artifacts\obj\coreclr\Linux.x64.Release\crossgen\src\dlls\mscordac\mscordaccore.vcxproj" (5) is building "J:\lang\net\runtime\artifacts\obj\coreclr\Linux.x64.Release\crossgen\src\md\runtime\mdruntime_dac.vcxproj" (25) on node 3 (default targets).
    25>InitializeBuildStatus:
         Creating "mdruntime_dac.dir\Release\mdruntime_dac.tlog\unsuccessfulbuild" because "AlwaysCreate" was specified.
     5>Project "J:\lang\net\runtime\artifacts\obj\coreclr\Linux.x64.Release\crossgen\src\dlls\mscordac\mscordaccore.vcxproj" (5) is building "J:\lang\net\runtime\artifacts\obj\coreclr\Linux.x64.Release\crossgen\src\debug\dbgutil\dbgutil.vcxproj" (26) on node 5 (default targets).
    26>InitializeBuildStatus:
         Creating "dbgutil.dir\Release\dbgutil.tlog\unsuccessfulbuild" because "AlwaysCreate" was specified.
    25>CustomBuild:
         All outputs are up-to-date.
     5>Project "J:\lang\net\runtime\artifacts\obj\coreclr\Linux.x64.Release\crossgen\src\dlls\mscordac\mscordaccore.vcxproj" (5) is building "J:\lang\net\runtime\artifacts\obj\coreclr\Linux.x64.Release\crossgen\src\debug\ee\dac\cordbee_dac.vcxproj" (24) on node 4 (default targets).
    24>InitializeBuildStatus:
         Creating "cordbee_dac.dir\Release\cordbee_dac.tlog\unsuccessfulbuild" because "AlwaysCreate" was specified.
    26>CustomBuild:
         All outputs are up-to-date.
     5>Project "J:\lang\net\runtime\artifacts\obj\coreclr\Linux.x64.Release\crossgen\src\dlls\mscordac\mscordaccore.vcxproj" (5) is building "J:\lang\net\runtime\artifacts\obj\coreclr\Linux.x64.Release\crossgen\src\md\hotdata\mdhotdata_dac.vcxproj" (27) on node 8 (default targets).
    27>InitializeBuildStatus:
         Creating "mdhotdata_dac.dir\Release\mdhotdata_dac.tlog\unsuccessfulbuild" because "AlwaysCreate" was specified.
    24>CustomBuild:
         All outputs are up-to-date.
     5>Project "J:\lang\net\runtime\artifacts\obj\coreclr\Linux.x64.Release\crossgen\src\dlls\mscordac\mscordaccore.vcxproj" (5) is building "J:\lang\net\runtime\artifacts\obj\coreclr\Linux.x64.Release\crossgen\src\md\compiler\mdcompiler_dac.vcxproj" (29) on node 6 (default targets).
    29>InitializeBuildStatus:
         Creating "mdcompiler_dac.dir\Release\mdcompiler_dac.tlog\unsuccessfulbuild" because "AlwaysCreate" was specified.
     5>Project "J:\lang\net\runtime\artifacts\obj\coreclr\Linux.x64.Release\crossgen\src\dlls\mscordac\mscordaccore.vcxproj" (5) is building "J:\lang\net\runtime\artifacts\obj\coreclr\Linux.x64.Release\crossgen\src\vm\cee_dac.vcxproj" (28) on node 7 (default targets).
    28>InitializeBuildStatus:
         Creating "cee_dac.dir\Release\cee_dac.tlog\unsuccessfulbuild" because "AlwaysCreate" was specified.
    27>CustomBuild:
         All outputs are up-to-date.
     5>Project "J:\lang\net\runtime\artifacts\obj\coreclr\Linux.x64.Release\crossgen\src\dlls\mscordac\mscordaccore.vcxproj" (5) is building "J:\lang\net\runtime\artifacts\obj\coreclr\Linux.x64.Release\crossgen\src\utilcode\utilcode_dac.vcxproj" (30) on node 10 (default targets).
    30>InitializeBuildStatus:
         Creating "utilcode_dac.dir\Release\utilcode_dac.tlog\unsuccessfulbuild" because "AlwaysCreate" was specified.
    29>CustomBuild:
         All outputs are up-to-date.
    30>CustomBuild:
         All outputs are up-to-date.
    25>ClCompile:
         All outputs are up-to-date.
    28>CustomBuild:
         All outputs are up-to-date.
    26>ClCompile:
         All outputs are up-to-date.
    24>ClCompile:
         All outputs are up-to-date.
     5>Project "J:\lang\net\runtime\artifacts\obj\coreclr\Linux.x64.Release\crossgen\src\dlls\mscordac\mscordaccore.vcxproj" (5) is building "J:\lang\net\runtime\artifacts\obj\coreclr\Linux.x64.Release\crossgen\src\unwinder\unwinder_dac.vcxproj" (31) on node 9 (default targets).
    31>InitializeBuildStatus:
         Creating "unwinder_dac.dir\Release\unwinder_dac.tlog\unsuccessfulbuild" because "AlwaysCreate" was specified.
    25>ClCompile:
         All outputs are up-to-date.
    31>CustomBuild:
         All outputs are up-to-date.
    27>ClCompile:
         All outputs are up-to-date.
    26>Lib:
         All outputs are up-to-date.
         dbgutil.vcxproj -> J:\lang\net\runtime\artifacts\obj\coreclr\Linux.x64.Release\crossgen\src\debug\dbgutil\Release\dbgutil.lib
    24>ClCompile:
         All outputs are up-to-date.
    29>ClCompile:
         All outputs are up-to-date.
    25>Lib:
         All outputs are up-to-date.
         mdruntime_dac.vcxproj -> J:\lang\net\runtime\artifacts\obj\coreclr\Linux.x64.Release\crossgen\src\md\runtime\Release\mdruntime_dac.lib
    30>ClCompile:
         All outputs are up-to-date.
    27>ClCompile:
         All outputs are up-to-date.
    29>ClCompile:
         All outputs are up-to-date.
    24>Lib:
         All outputs are up-to-date.
         cordbee_dac.vcxproj -> J:\lang\net\runtime\artifacts\obj\coreclr\Linux.x64.Release\crossgen\src\debug\ee\dac\Release\cordbee_dac.lib
    27>Lib:
         All outputs are up-to-date.
    28>ClCompile:
         All outputs are up-to-date.
    27>Lib:
         mdhotdata_dac.vcxproj -> J:\lang\net\runtime\artifacts\obj\coreclr\Linux.x64.Release\crossgen\src\md\hotdata\Release\mdhotdata_dac.lib
    31>ClCompile:
         All outputs are up-to-date.
    30>ClCompile:
         All outputs are up-to-date.
    28>ClCompile:
         All outputs are up-to-date.
    29>Lib:
         All outputs are up-to-date.
         mdcompiler_dac.vcxproj -> J:\lang\net\runtime\artifacts\obj\coreclr\Linux.x64.Release\crossgen\src\md\compiler\Release\mdcompiler_dac.lib
    31>Lib:
         All outputs are up-to-date.
         unwinder_dac.vcxproj -> J:\lang\net\runtime\artifacts\obj\coreclr\Linux.x64.Release\crossgen\src\unwinder\Release\unwinder_dac.lib
    26>FinalizeBuildStatus:
         Deleting file "dbgutil.dir\Release\dbgutil.tlog\unsuccessfulbuild".
         Touching "dbgutil.dir\Release\dbgutil.tlog\dbgutil.lastbuildstate".
    26>Done Building Project "J:\lang\net\runtime\artifacts\obj\coreclr\Linux.x64.Release\crossgen\src\debug\dbgutil\dbgutil.vcxproj" (default targets).
    25>FinalizeBuildStatus:
         Deleting file "mdruntime_dac.dir\Release\mdruntime_dac.tlog\unsuccessfulbuild".
         Touching "mdruntime_dac.dir\Release\mdruntime_dac.tlog\mdruntime_dac.lastbuildstate".
    25>Done Building Project "J:\lang\net\runtime\artifacts\obj\coreclr\Linux.x64.Release\crossgen\src\md\runtime\mdruntime_dac.vcxproj" (default targets).
    30>Lib:
         All outputs are up-to-date.
    24>FinalizeBuildStatus:
         Deleting file "cordbee_dac.dir\Release\cordbee_dac.tlog\unsuccessfulbuild".
         Touching "cordbee_dac.dir\Release\cordbee_dac.tlog\cordbee_dac.lastbuildstate".
    24>Done Building Project "J:\lang\net\runtime\artifacts\obj\coreclr\Linux.x64.Release\crossgen\src\debug\ee\dac\cordbee_dac.vcxproj" (default targets).
    27>FinalizeBuildStatus:
         Deleting file "mdhotdata_dac.dir\Release\mdhotdata_dac.tlog\unsuccessfulbuild".
         Touching "mdhotdata_dac.dir\Release\mdhotdata_dac.tlog\mdhotdata_dac.lastbuildstate".
    27>Done Building Project "J:\lang\net\runtime\artifacts\obj\coreclr\Linux.x64.Release\crossgen\src\md\hotdata\mdhotdata_dac.vcxproj" (default targets).
    31>FinalizeBuildStatus:
         Deleting file "unwinder_dac.dir\Release\unwinder_dac.tlog\unsuccessfulbuild".
         Touching "unwinder_dac.dir\Release\unwinder_dac.tlog\unwinder_dac.lastbuildstate".
    29>FinalizeBuildStatus:
         Deleting file "mdcompiler_dac.dir\Release\mdcompiler_dac.tlog\unsuccessfulbuild".
    31>Done Building Project "J:\lang\net\runtime\artifacts\obj\coreclr\Linux.x64.Release\crossgen\src\unwinder\unwinder_dac.vcxproj" (default targets).
    29>FinalizeBuildStatus:
         Touching "mdcompiler_dac.dir\Release\mdcompiler_dac.tlog\mdcompiler_dac.lastbuildstate".
    29>Done Building Project "J:\lang\net\runtime\artifacts\obj\coreclr\Linux.x64.Release\crossgen\src\md\compiler\mdcompiler_dac.vcxproj" (default targets).
    30>Lib:
         utilcode_dac.vcxproj -> J:\lang\net\runtime\artifacts\obj\coreclr\Linux.x64.Release\crossgen\src\utilcode\Release\utilcode_dac.lib
    28>Lib:
         All outputs are up-to-date.
         cee_dac.vcxproj -> J:\lang\net\runtime\artifacts\obj\coreclr\Linux.x64.Release\crossgen\src\vm\Release\cee_dac.lib
    30>FinalizeBuildStatus:
         Deleting file "utilcode_dac.dir\Release\utilcode_dac.tlog\unsuccessfulbuild".
         Touching "utilcode_dac.dir\Release\utilcode_dac.tlog\utilcode_dac.lastbuildstate".
    30>Done Building Project "J:\lang\net\runtime\artifacts\obj\coreclr\Linux.x64.Release\crossgen\src\utilcode\utilcode_dac.vcxproj" (default targets).
    28>FinalizeBuildStatus:
         Deleting file "cee_dac.dir\Release\cee_dac.tlog\unsuccessfulbuild".
         Touching "cee_dac.dir\Release\cee_dac.tlog\cee_dac.lastbuildstate".
    28>Done Building Project "J:\lang\net\runtime\artifacts\obj\coreclr\Linux.x64.Release\crossgen\src\vm\cee_dac.vcxproj" (default targets).
     5>InitializeBuildStatus:
         Creating "mscordaccore.dir\Release\mscordaccore.tlog\unsuccessfulbuild" because "AlwaysCreate" was specified.
       CustomBuild:
         All outputs are up-to-date.
       ResourceCompile:
         All outputs are up-to-date.
     7>Link:
         All outputs are up-to-date.
         mscordbi.vcxproj -> J:\lang\net\runtime\artifacts\obj\coreclr\Linux.x64.Release\crossgen\src\dlls\mscordbi\Release\mscordbi.dll
       FinalizeBuildStatus:
         Deleting file "mscordbi.dir\Release\mscordbi.tlog\unsuccessfulbuild".
         Touching "mscordbi.dir\Release\mscordbi.tlog\mscordbi.lastbuildstate".
     7>Done Building Project "J:\lang\net\runtime\artifacts\obj\coreclr\Linux.x64.Release\crossgen\src\dlls\mscordbi\mscordbi.vcxproj" (default targets).
     5>Link:
         All outputs are up-to-date.
         mscordaccore.vcxproj -> J:\lang\net\runtime\artifacts\obj\coreclr\Linux.x64.Release\crossgen\src\dlls\mscordac\Release\mscordaccore.dll
       FinalizeBuildStatus:
         Deleting file "mscordaccore.dir\Release\mscordaccore.tlog\unsuccessfulbuild".
         Touching "mscordaccore.dir\Release\mscordaccore.tlog\mscordaccore.lastbuildstate".
     5>Done Building Project "J:\lang\net\runtime\artifacts\obj\coreclr\Linux.x64.Release\crossgen\src\dlls\mscordac\mscordaccore.vcxproj" (default targets).
     3>InitializeBuildStatus:
         Creating "x64\Release\ALL_BUILD\ALL_BUILD.tlog\unsuccessfulbuild" because "AlwaysCreate" was specified.
       CustomBuild:
         All outputs are up-to-date.
         Building Custom Rule J:/lang/net/runtime/src/coreclr/CMakeLists.txt
       FinalizeBuildStatus:
         Deleting file "x64\Release\ALL_BUILD\ALL_BUILD.tlog\unsuccessfulbuild".
         Touching "x64\Release\ALL_BUILD\ALL_BUILD.tlog\ALL_BUILD.lastbuildstate".
     3>Done Building Project "J:\lang\net\runtime\artifacts\obj\coreclr\Linux.x64.Release\crossgen\ALL_BUILD.vcxproj" (default targets).
     1>InitializeBuildStatus:
         Creating "x64\Release\INSTALL\INSTALL.tlog\unsuccessfulbuild" because "AlwaysCreate" was specified.
       PostBuildEvent:
         setlocal
         J:\tools\cmake\bin\cmake.exe -DBUILD_TYPE=Release -P cmake_install.cmake
         if %errorlevel% neq 0 goto :cmEnd
         :cmEnd
         endlocal & call :cmErrorLevel %errorlevel% & goto :cmDone
         :cmErrorLevel
         exit /b %1
         :cmDone
         if %errorlevel% neq 0 goto :VCEnd
         :VCEnd
         -- Install configuration: "Release"
       FinalizeBuildStatus:
         Deleting file "x64\Release\INSTALL\INSTALL.tlog\unsuccessfulbuild".
         Touching "x64\Release\INSTALL\INSTALL.tlog\INSTALL.lastbuildstate".
     1>Done Building Project "J:\lang\net\runtime\artifacts\obj\coreclr\Linux.x64.Release\crossgen\install.vcxproj" (default targets).
Deferred Messages
         
         Detailed Build Summary
         ======================
             
         
         ============================== Build Hierarchy (IDs represent configurations) =====================================================
         Id                  : Exclusive Time   Total Time   Path (Targets)
         -----------------------------------------------------------------------------------------------------------------------------------
         0                   : 0.328s           6.469s       J:\lang\net\runtime\artifacts\obj\coreclr\Linux.x64.Release\crossgen\install.vcxproj () 
         | 1                 : 0.359s           0.359s       J:\lang\net\runtime\artifacts\obj\coreclr\Linux.x64.Release\crossgen\ZERO_CHECK.vcxproj () 
         | 2                 : 0.317s           6.099s       J:\lang\net\runtime\artifacts\obj\coreclr\Linux.x64.Release\crossgen\ALL_BUILD.vcxproj () 
         | | 1               : 0.000s           0.000s       J:\lang\net\runtime\artifacts\obj\coreclr\Linux.x64.Release\crossgen\ZERO_CHECK.vcxproj () 
         | | 3               : 0.453s           0.453s       J:\lang\net\runtime\artifacts\obj\coreclr\Linux.x64.Release\crossgen\src\pal\src\libunwind\src\libunwind_xdac.vcxproj () 
         | | | 5             : 0.000s           0.000s       J:\lang\net\runtime\artifacts\obj\coreclr\Linux.x64.Release\crossgen\ZERO_CHECK.vcxproj (GetNativeManifest) 
         | | | 6             : 0.000s           0.000s       J:\lang\net\runtime\artifacts\obj\coreclr\Linux.x64.Release\crossgen\ZERO_CHECK.vcxproj (GetResolvedLinkLibs) 
         | | . 7             : 0.000s           0.000s       J:\lang\net\runtime\artifacts\obj\coreclr\Linux.x64.Release\crossgen\ZERO_CHECK.vcxproj (GetCopyToOutputDirectoryItems) 
         | | 9               : 0.719s           5.219s       J:\lang\net\runtime\artifacts\obj\coreclr\Linux.x64.Release\crossgen\src\dlls\mscordbi\mscordbi.vcxproj () 
         | | | 10            : 0.000s           0.000s       J:\lang\net\runtime\artifacts\obj\coreclr\Linux.x64.Release\crossgen\src\inc\corguids_obj.vcxproj () 
         | | | 15            : 0.672s           0.672s       J:\lang\net\runtime\artifacts\obj\coreclr\Linux.x64.Release\crossgen\src\debug\debug-pal\debug-pal_obj.vcxproj () 
         | | | 16            : 0.652s           0.652s       J:\lang\net\runtime\artifacts\obj\coreclr\Linux.x64.Release\crossgen\src\debug\ildbsymlib\ildbsymlib_obj.vcxproj () 
         | | | 38            : 0.891s           0.891s       J:\lang\net\runtime\artifacts\obj\coreclr\Linux.x64.Release\crossgen\src\md\runtime\mdruntime-dbi.vcxproj () 
         | | | 37            : 0.297s           0.297s       J:\lang\net\runtime\artifacts\obj\coreclr\Linux.x64.Release\crossgen\src\md\hotdata\mdhotdata-staticcrt.vcxproj () 
         | | | 36            : 0.844s           0.844s       J:\lang\net\runtime\artifacts\obj\coreclr\Linux.x64.Release\crossgen\src\md\datasource\mddatasource_dbi.vcxproj () 
         | | | 35            : 0.922s           0.922s       J:\lang\net\runtime\artifacts\obj\coreclr\Linux.x64.Release\crossgen\src\md\compiler\mdcompiler-dbi.vcxproj () 
         | | | 34            : 0.844s           2.547s       J:\lang\net\runtime\artifacts\obj\coreclr\Linux.x64.Release\crossgen\src\debug\di\cordbdi.vcxproj () 
         | | | | 42          : 0.000s           0.000s       J:\lang\net\runtime\artifacts\obj\coreclr\Linux.x64.Release\crossgen\src\vm\eventing\eventing_headers.vcxproj () 
         | | | | 71          : 0.000s           0.000s       J:\lang\net\runtime\artifacts\obj\coreclr\Linux.x64.Release\crossgen\src\vm\eventing\eventing_headers.vcxproj (GetNativeManifest) 
         | | | . 81          : 0.000s           0.000s       J:\lang\net\runtime\artifacts\obj\coreclr\Linux.x64.Release\crossgen\src\vm\eventing\eventing_headers.vcxproj (GetCopyToOutputDirectoryItems) 
         | | | 40            : 0.813s           2.422s       J:\lang\net\runtime\artifacts\obj\coreclr\Linux.x64.Release\crossgen\src\utilcode\utilcodestaticnohost.vcxproj () 
         | | | | 42          : 0.000s           0.000s       J:\lang\net\runtime\artifacts\obj\coreclr\Linux.x64.Release\crossgen\src\vm\eventing\eventing_headers.vcxproj () 
         | | | | 71          : 0.000s           0.000s       J:\lang\net\runtime\artifacts\obj\coreclr\Linux.x64.Release\crossgen\src\vm\eventing\eventing_headers.vcxproj (GetNativeManifest) 
         | | | . 81          : 0.000s           0.000s       J:\lang\net\runtime\artifacts\obj\coreclr\Linux.x64.Release\crossgen\src\vm\eventing\eventing_headers.vcxproj (GetCopyToOutputDirectoryItems) 
         | | | 39            : 0.844s           0.844s       J:\lang\net\runtime\artifacts\obj\coreclr\Linux.x64.Release\crossgen\src\md\enc\mdruntimerw-dbi.vcxproj () 
         | | | 95            : 0.016s           0.016s       J:\lang\net\runtime\artifacts\obj\coreclr\Linux.x64.Release\crossgen\src\debug\di\cordbdi.vcxproj (GetNativeManifest) 
         | | | 96            : 0.016s           0.016s       J:\lang\net\runtime\artifacts\obj\coreclr\Linux.x64.Release\crossgen\src\md\compiler\mdcompiler-dbi.vcxproj (GetNativeManifest) 
         | | | 98            : 0.016s           0.016s       J:\lang\net\runtime\artifacts\obj\coreclr\Linux.x64.Release\crossgen\src\md\hotdata\mdhotdata-staticcrt.vcxproj (GetNativeManifest) 
         | | | 99            : 0.016s           0.016s       J:\lang\net\runtime\artifacts\obj\coreclr\Linux.x64.Release\crossgen\src\md\runtime\mdruntime-dbi.vcxproj (GetNativeManifest) 
         | | | 97            : 0.016s           0.016s       J:\lang\net\runtime\artifacts\obj\coreclr\Linux.x64.Release\crossgen\src\md\datasource\mddatasource_dbi.vcxproj (GetNativeManifest) 
         | | | 101           : 0.016s           0.016s       J:\lang\net\runtime\artifacts\obj\coreclr\Linux.x64.Release\crossgen\src\utilcode\utilcodestaticnohost.vcxproj (GetNativeManifest) 
         | | | 91            : 0.000s           0.000s       J:\lang\net\runtime\artifacts\obj\coreclr\Linux.x64.Release\crossgen\src\inc\corguids_obj.vcxproj (GetNativeManifest) 
         | | | 92            : 0.000s           0.000s       J:\lang\net\runtime\artifacts\obj\coreclr\Linux.x64.Release\crossgen\src\debug\debug-pal\debug-pal_obj.vcxproj (GetNativeManifest) 
         | | | 93            : 0.000s           0.000s       J:\lang\net\runtime\artifacts\obj\coreclr\Linux.x64.Release\crossgen\src\debug\ildbsymlib\ildbsymlib_obj.vcxproj (GetNativeManifest) 
         | | | 100           : 0.016s           0.016s       J:\lang\net\runtime\artifacts\obj\coreclr\Linux.x64.Release\crossgen\src\md\enc\mdruntimerw-dbi.vcxproj (GetNativeManifest) 
         | | | 118           : 0.031s           0.031s       J:\lang\net\runtime\artifacts\obj\coreclr\Linux.x64.Release\crossgen\src\debug\debug-pal\debug-pal_obj.vcxproj (GetResolvedLinkLibs) 
         | | | 123           : 0.016s           0.016s       J:\lang\net\runtime\artifacts\obj\coreclr\Linux.x64.Release\crossgen\src\md\runtime\mdruntime-dbi.vcxproj (GetResolvedLinkLibs) 
         | | | 117           : 0.000s           0.000s       J:\lang\net\runtime\artifacts\obj\coreclr\Linux.x64.Release\crossgen\src\inc\corguids_obj.vcxproj (GetResolvedLinkLibs) 
         | | | 122           : 0.000s           0.000s       J:\lang\net\runtime\artifacts\obj\coreclr\Linux.x64.Release\crossgen\src\md\hotdata\mdhotdata-staticcrt.vcxproj (GetResolvedLinkLibs) 
         | | | 120           : 0.016s           0.016s       J:\lang\net\runtime\artifacts\obj\coreclr\Linux.x64.Release\crossgen\src\md\compiler\mdcompiler-dbi.vcxproj (GetResolvedLinkLibs) 
         | | | 116           : 0.016s           0.016s       J:\lang\net\runtime\artifacts\obj\coreclr\Linux.x64.Release\crossgen\src\debug\di\cordbdi.vcxproj (GetResolvedLinkLibs) 
         | | | 125           : 0.016s           0.016s       J:\lang\net\runtime\artifacts\obj\coreclr\Linux.x64.Release\crossgen\src\utilcode\utilcodestaticnohost.vcxproj (GetResolvedLinkLibs) 
         | | | 119           : 0.016s           0.016s       J:\lang\net\runtime\artifacts\obj\coreclr\Linux.x64.Release\crossgen\src\debug\ildbsymlib\ildbsymlib_obj.vcxproj (GetResolvedLinkLibs) 
         | | | 121           : 0.000s           0.000s       J:\lang\net\runtime\artifacts\obj\coreclr\Linux.x64.Release\crossgen\src\md\datasource\mddatasource_dbi.vcxproj (GetResolvedLinkLibs) 
         | | | 124           : 0.000s           0.000s       J:\lang\net\runtime\artifacts\obj\coreclr\Linux.x64.Release\crossgen\src\md\enc\mdruntimerw-dbi.vcxproj (GetResolvedLinkLibs) 
         | | | 199           : 0.000s           0.000s       J:\lang\net\runtime\artifacts\obj\coreclr\Linux.x64.Release\crossgen\src\debug\ildbsymlib\ildbsymlib_obj.vcxproj (GetCopyToOutputDirectoryItems) 
         | | | 204           : 0.000s           0.000s       J:\lang\net\runtime\artifacts\obj\coreclr\Linux.x64.Release\crossgen\src\utilcode\utilcodestaticnohost.vcxproj (GetCopyToOutputDirectoryItems) 
         | | | 203           : 0.000s           0.000s       J:\lang\net\runtime\artifacts\obj\coreclr\Linux.x64.Release\crossgen\src\md\enc\mdruntimerw-dbi.vcxproj (GetCopyToOutputDirectoryItems) 
         | | | 201           : 0.000s           0.000s       J:\lang\net\runtime\artifacts\obj\coreclr\Linux.x64.Release\crossgen\src\md\datasource\mddatasource_dbi.vcxproj (GetCopyToOutputDirectoryItems) 
         | | | 200           : 0.000s           0.000s       J:\lang\net\runtime\artifacts\obj\coreclr\Linux.x64.Release\crossgen\src\md\compiler\mdcompiler-dbi.vcxproj (GetCopyToOutputDirectoryItems) 
         | | . 197           : 0.000s           0.000s       J:\lang\net\runtime\artifacts\obj\coreclr\Linux.x64.Release\crossgen\src\debug\di\cordbdi.vcxproj (GetCopyToOutputDirectoryItems) 
         | | 8               : 0.281s           5.328s       J:\lang\net\runtime\artifacts\obj\coreclr\Linux.x64.Release\crossgen\src\dlls\mscordac\mscordaccore.vcxproj () 
         | | | 10            : 0.406s           0.406s       J:\lang\net\runtime\artifacts\obj\coreclr\Linux.x64.Release\crossgen\src\inc\corguids_obj.vcxproj () 
         | | | 13            : 0.719s           0.719s       J:\lang\net\runtime\artifacts\obj\coreclr\Linux.x64.Release\crossgen\src\dlls\mscordac\mscordacobj.vcxproj () 
         | | | 12            : 0.437s           3.484s       J:\lang\net\runtime\artifacts\obj\coreclr\Linux.x64.Release\crossgen\src\dlls\mscordac\mscordaccore_exp.vcxproj () 
         | | | | 13          : 0.000s           0.000s       J:\lang\net\runtime\artifacts\obj\coreclr\Linux.x64.Release\crossgen\src\dlls\mscordac\mscordacobj.vcxproj () 
         | | | | 11          : 0.000s           0.000s       J:\lang\net\runtime\artifacts\obj\coreclr\Linux.x64.Release\crossgen\src\dlls\mscordac\mscordaccore_def.vcxproj () 
         | | | | 32          : 0.750s           2.594s       J:\lang\net\runtime\artifacts\obj\coreclr\Linux.x64.Release\crossgen\src\debug\daccess\daccess.vcxproj () 
         | | | | | 42        : 0.750s           1.766s       J:\lang\net\runtime\artifacts\obj\coreclr\Linux.x64.Release\crossgen\src\vm\eventing\eventing_headers.vcxproj () 
         | | | | | | 54      : 1.015s           1.015s       J:\lang\net\runtime\artifacts\obj\coreclr\Linux.x64.Release\crossgen\src\vm\eventing\EtwProvider\eventprovider.vcxproj () 
         | | | | | | 67      : 0.000s           0.000s       J:\lang\net\runtime\artifacts\obj\coreclr\Linux.x64.Release\crossgen\src\vm\eventing\EtwProvider\eventprovider.vcxproj (GetNativeManifest) 
         | | | | | . 69      : 0.000s           0.000s       J:\lang\net\runtime\artifacts\obj\coreclr\Linux.x64.Release\crossgen\src\vm\eventing\EtwProvider\eventprovider.vcxproj (GetResolvedLinkLibs) 
         | | | | | 71        : 0.000s           0.000s       J:\lang\net\runtime\artifacts\obj\coreclr\Linux.x64.Release\crossgen\src\vm\eventing\eventing_headers.vcxproj (GetNativeManifest) 
         | | | | | 75        : 0.016s           0.016s       J:\lang\net\runtime\artifacts\obj\coreclr\Linux.x64.Release\crossgen\src\vm\eventing\eventing_headers.vcxproj (GetResolvedLinkLibs) 
         | | | | . 81        : 0.016s           0.063s       J:\lang\net\runtime\artifacts\obj\coreclr\Linux.x64.Release\crossgen\src\vm\eventing\eventing_headers.vcxproj (GetCopyToOutputDirectoryItems) 
         | | | | | . 83      : 0.016s           0.016s       J:\lang\net\runtime\artifacts\obj\coreclr\Linux.x64.Release\crossgen\src\vm\eventing\EtwProvider\eventprovider.vcxproj (GetCopyToOutputDirectoryItems) 
         | | | | 89          : 0.000s           0.000s       J:\lang\net\runtime\artifacts\obj\coreclr\Linux.x64.Release\crossgen\src\dlls\mscordac\mscordacobj.vcxproj (GetNativeManifest) 
         | | | | 88          : 0.000s           0.000s       J:\lang\net\runtime\artifacts\obj\coreclr\Linux.x64.Release\crossgen\src\dlls\mscordac\mscordaccore_def.vcxproj (GetNativeManifest) 
         | | | | 94          : 0.016s           0.016s       J:\lang\net\runtime\artifacts\obj\coreclr\Linux.x64.Release\crossgen\src\debug\daccess\daccess.vcxproj (GetNativeManifest) 
         | | | | 105         : 0.016s           0.016s       J:\lang\net\runtime\artifacts\obj\coreclr\Linux.x64.Release\crossgen\src\dlls\mscordac\mscordacobj.vcxproj (GetResolvedLinkLibs) 
         | | | | 103         : 0.016s           0.016s       J:\lang\net\runtime\artifacts\obj\coreclr\Linux.x64.Release\crossgen\src\debug\daccess\daccess.vcxproj (GetResolvedLinkLibs) 
         | | | . 104         : 0.000s           0.000s       J:\lang\net\runtime\artifacts\obj\coreclr\Linux.x64.Release\crossgen\src\dlls\mscordac\mscordaccore_def.vcxproj (GetResolvedLinkLibs) 
         | | | 11            : 0.547s           0.547s       J:\lang\net\runtime\artifacts\obj\coreclr\Linux.x64.Release\crossgen\src\dlls\mscordac\mscordaccore_def.vcxproj () 
         | | | 106           : 1.453s           1.453s       J:\lang\net\runtime\artifacts\obj\coreclr\Linux.x64.Release\crossgen\src\vm\cee_dac.vcxproj () 
         | | | 107           : 1.141s           1.141s       J:\lang\net\runtime\artifacts\obj\coreclr\Linux.x64.Release\crossgen\src\debug\ee\dac\cordbee_dac.vcxproj () 
         | | | 108           : 1.109s           1.109s       J:\lang\net\runtime\artifacts\obj\coreclr\Linux.x64.Release\crossgen\src\debug\dbgutil\dbgutil.vcxproj () 
         | | | 110           : 1.188s           1.188s       J:\lang\net\runtime\artifacts\obj\coreclr\Linux.x64.Release\crossgen\src\md\hotdata\mdhotdata_dac.vcxproj () 
         | | | 109           : 1.234s           1.234s       J:\lang\net\runtime\artifacts\obj\coreclr\Linux.x64.Release\crossgen\src\md\compiler\mdcompiler_dac.vcxproj () 
         | | | 112           : 0.531s           0.531s       J:\lang\net\runtime\artifacts\obj\coreclr\Linux.x64.Release\crossgen\src\md\enc\mdruntimerw_dac.vcxproj () 
         | | | 111           : 1.125s           1.125s       J:\lang\net\runtime\artifacts\obj\coreclr\Linux.x64.Release\crossgen\src\md\runtime\mdruntime_dac.vcxproj () 
         | | | 113           : 1.172s           1.172s       J:\lang\net\runtime\artifacts\obj\coreclr\Linux.x64.Release\crossgen\src\unwinder\unwinder_dac.vcxproj () 
         | | | 114           : 1.359s           1.359s       J:\lang\net\runtime\artifacts\obj\coreclr\Linux.x64.Release\crossgen\src\utilcode\utilcode_dac.vcxproj () 
         | | | 175           : 0.000s           0.000s       J:\lang\net\runtime\artifacts\obj\coreclr\Linux.x64.Release\crossgen\src\dlls\mscordac\mscordaccore_exp.vcxproj (GetNativeManifest) 
         | | | 174           : 0.000s           0.000s       J:\lang\net\runtime\artifacts\obj\coreclr\Linux.x64.Release\crossgen\src\pal\src\libunwind\src\libunwind_xdac.vcxproj (GetNativeManifest) 
         | | | 179           : 0.016s           0.016s       J:\lang\net\runtime\artifacts\obj\coreclr\Linux.x64.Release\crossgen\src\md\compiler\mdcompiler_dac.vcxproj (GetNativeManifest) 
         | | | 177           : 0.000s           0.000s       J:\lang\net\runtime\artifacts\obj\coreclr\Linux.x64.Release\crossgen\src\debug\ee\dac\cordbee_dac.vcxproj (GetNativeManifest) 
         | | | 178           : 0.016s           0.016s       J:\lang\net\runtime\artifacts\obj\coreclr\Linux.x64.Release\crossgen\src\debug\dbgutil\dbgutil.vcxproj (GetNativeManifest) 
         | | | 180           : 0.016s           0.016s       J:\lang\net\runtime\artifacts\obj\coreclr\Linux.x64.Release\crossgen\src\md\hotdata\mdhotdata_dac.vcxproj (GetNativeManifest) 
         | | | 176           : 0.000s           0.000s       J:\lang\net\runtime\artifacts\obj\coreclr\Linux.x64.Release\crossgen\src\vm\cee_dac.vcxproj (GetNativeManifest) 
         | | | 182           : 0.000s           0.000s       J:\lang\net\runtime\artifacts\obj\coreclr\Linux.x64.Release\crossgen\src\md\enc\mdruntimerw_dac.vcxproj (GetNativeManifest) 
         | | | 183           : 0.000s           0.000s       J:\lang\net\runtime\artifacts\obj\coreclr\Linux.x64.Release\crossgen\src\unwinder\unwinder_dac.vcxproj (GetNativeManifest) 
         | | | 184           : 0.000s           0.000s       J:\lang\net\runtime\artifacts\obj\coreclr\Linux.x64.Release\crossgen\src\utilcode\utilcode_dac.vcxproj (GetNativeManifest) 
         | | | 181           : 0.000s           0.000s       J:\lang\net\runtime\artifacts\obj\coreclr\Linux.x64.Release\crossgen\src\md\runtime\mdruntime_dac.vcxproj (GetNativeManifest) 
         | | | 185           : 0.016s           0.016s       J:\lang\net\runtime\artifacts\obj\coreclr\Linux.x64.Release\crossgen\src\vm\cee_dac.vcxproj (GetResolvedLinkLibs) 
         | | | 187           : 0.000s           0.000s       J:\lang\net\runtime\artifacts\obj\coreclr\Linux.x64.Release\crossgen\src\debug\dbgutil\dbgutil.vcxproj (GetResolvedLinkLibs) 
         | | | 189           : 0.016s           0.016s       J:\lang\net\runtime\artifacts\obj\coreclr\Linux.x64.Release\crossgen\src\md\compiler\mdcompiler_dac.vcxproj (GetResolvedLinkLibs) 
         | | | 190           : 0.016s           0.016s       J:\lang\net\runtime\artifacts\obj\coreclr\Linux.x64.Release\crossgen\src\md\hotdata\mdhotdata_dac.vcxproj (GetResolvedLinkLibs) 
         | | | 186           : 0.016s           0.016s       J:\lang\net\runtime\artifacts\obj\coreclr\Linux.x64.Release\crossgen\src\debug\ee\dac\cordbee_dac.vcxproj (GetResolvedLinkLibs) 
         | | | 192           : 0.000s           0.000s       J:\lang\net\runtime\artifacts\obj\coreclr\Linux.x64.Release\crossgen\src\md\enc\mdruntimerw_dac.vcxproj (GetResolvedLinkLibs) 
         | | | 194           : 0.000s           0.000s       J:\lang\net\runtime\artifacts\obj\coreclr\Linux.x64.Release\crossgen\src\unwinder\unwinder_dac.vcxproj (GetResolvedLinkLibs) 
         | | | 195           : 0.000s           0.000s       J:\lang\net\runtime\artifacts\obj\coreclr\Linux.x64.Release\crossgen\src\utilcode\utilcode_dac.vcxproj (GetResolvedLinkLibs) 
         | | | 191           : 0.016s           0.016s       J:\lang\net\runtime\artifacts\obj\coreclr\Linux.x64.Release\crossgen\src\md\runtime\mdruntime_dac.vcxproj (GetResolvedLinkLibs) 
         | | | 193           : 0.000s           0.000s       J:\lang\net\runtime\artifacts\obj\coreclr\Linux.x64.Release\crossgen\src\dlls\mscordac\mscordaccore_exp.vcxproj (GetResolvedLinkLibs) 
         | | | 188           : 0.000s           0.000s       J:\lang\net\runtime\artifacts\obj\coreclr\Linux.x64.Release\crossgen\src\pal\src\libunwind\src\libunwind_xdac.vcxproj (GetResolvedLinkLibs) 
         | | | 207           : 0.000s           0.000s       J:\lang\net\runtime\artifacts\obj\coreclr\Linux.x64.Release\crossgen\src\debug\daccess\daccess.vcxproj (GetCopyToOutputDirectoryItems) 
         | | | 208           : 0.000s           0.000s       J:\lang\net\runtime\artifacts\obj\coreclr\Linux.x64.Release\crossgen\src\debug\dbgutil\dbgutil.vcxproj (GetCopyToOutputDirectoryItems) 
         | | | 209           : 0.000s           0.000s       J:\lang\net\runtime\artifacts\obj\coreclr\Linux.x64.Release\crossgen\src\pal\src\libunwind\src\libunwind_xdac.vcxproj (GetCopyToOutputDirectoryItems) 
         | | | 210           : 0.000s           0.000s       J:\lang\net\runtime\artifacts\obj\coreclr\Linux.x64.Release\crossgen\src\md\compiler\mdcompiler_dac.vcxproj (GetCopyToOutputDirectoryItems) 
         | | | 211           : 0.000s           0.000s       J:\lang\net\runtime\artifacts\obj\coreclr\Linux.x64.Release\crossgen\src\md\hotdata\mdhotdata_dac.vcxproj (GetCopyToOutputDirectoryItems) 
         | | | 214           : 0.016s           0.016s       J:\lang\net\runtime\artifacts\obj\coreclr\Linux.x64.Release\crossgen\src\dlls\mscordac\mscordaccore_exp.vcxproj (GetCopyToOutputDirectoryItems) 
         | | | . 213         : 0.000s           0.000s       J:\lang\net\runtime\artifacts\obj\coreclr\Linux.x64.Release\crossgen\src\dlls\mscordac\mscordaccore_def.vcxproj (GetCopyToOutputDirectoryItems) 
         | | | 213           : 0.016s           0.016s       J:\lang\net\runtime\artifacts\obj\coreclr\Linux.x64.Release\crossgen\src\dlls\mscordac\mscordaccore_def.vcxproj (GetCopyToOutputDirectoryItems) 
         | | | 215           : 0.000s           0.000s       J:\lang\net\runtime\artifacts\obj\coreclr\Linux.x64.Release\crossgen\src\dlls\mscordac\mscordacobj.vcxproj (GetCopyToOutputDirectoryItems) 
         | | | 216           : 0.000s           0.000s       J:\lang\net\runtime\artifacts\obj\coreclr\Linux.x64.Release\crossgen\src\unwinder\unwinder_dac.vcxproj (GetCopyToOutputDirectoryItems) 
         | | | 217           : 0.000s           0.000s       J:\lang\net\runtime\artifacts\obj\coreclr\Linux.x64.Release\crossgen\src\utilcode\utilcode_dac.vcxproj (GetCopyToOutputDirectoryItems) 
         | | | 206           : 0.000s           0.000s       J:\lang\net\runtime\artifacts\obj\coreclr\Linux.x64.Release\crossgen\src\debug\ee\dac\cordbee_dac.vcxproj (GetCopyToOutputDirectoryItems) 
         | | | 212           : 0.000s           0.000s       J:\lang\net\runtime\artifacts\obj\coreclr\Linux.x64.Release\crossgen\src\md\runtime\mdruntime_dac.vcxproj (GetCopyToOutputDirectoryItems) 
         | | . 205           : 0.000s           0.000s       J:\lang\net\runtime\artifacts\obj\coreclr\Linux.x64.Release\crossgen\src\vm\cee_dac.vcxproj (GetCopyToOutputDirectoryItems) 
         | | 224             : 0.000s           0.000s       J:\lang\net\runtime\artifacts\obj\coreclr\Linux.x64.Release\crossgen\src\dlls\mscordbi\mscordbi.vcxproj (GetNativeManifest) 
         | | 223             : 0.000s           0.000s       J:\lang\net\runtime\artifacts\obj\coreclr\Linux.x64.Release\crossgen\src\dlls\mscordac\mscordaccore.vcxproj (GetNativeManifest) 
         | | 227             : 0.000s           0.000s       J:\lang\net\runtime\artifacts\obj\coreclr\Linux.x64.Release\crossgen\src\dlls\mscordbi\mscordbi.vcxproj (GetResolvedLinkLibs) 
         | . 226             : 0.000s           0.000s       J:\lang\net\runtime\artifacts\obj\coreclr\Linux.x64.Release\crossgen\src\dlls\mscordac\mscordaccore.vcxproj (GetResolvedLinkLibs) 
         | 228               : 0.011s           0.011s       J:\lang\net\runtime\artifacts\obj\coreclr\Linux.x64.Release\crossgen\ALL_BUILD.vcxproj (GetNativeManifest) 
         . 229               : 0.000s           0.000s       J:\lang\net\runtime\artifacts\obj\coreclr\Linux.x64.Release\crossgen\ALL_BUILD.vcxproj (GetResolvedLinkLibs) 
         
         ============================== Node Utilization (IDs represent configurations) ====================================================
         Timestamp:            1       2       3       4       5       6       7       8       9       10       Duration   Cumulative
         -----------------------------------------------------------------------------------------------------------------------------------
         637383324815222511:   0       x       x       x       x       x       x       x       x       x        0.219s     0.219s ....
         637383324817409950:   1       x       x       x       x       x       x       x       x       x        0.031s     0.250s 
         637383324817722902:   |       2       x       x       x       x       x       x       x       x        0.187s     0.437s ...
         637383324819597370:   |       3       x       x       x       x       x       x       x       x        0.141s     0.578s ..
         637383324821003653:   5       |       x       x       x       x       x       x       x       x        0.187s     0.766s ...
         637383324822878633:   6       |       x       x       x       x       x       x       x       x        0.094s     0.859s .
         637383324823816306:   7       |       x       x       x       x       x       x       x       x        0.031s     0.891s 
         637383324824128812:   8       9       x       x       x       x       x       x       x       x        0.109s     1.000s ..
         637383324825222615:   10      |       x       x       x       x       x       x       x       x        0.031s     1.031s 
         637383324825534924:   |       |       11      12      13      x       x       x       x       x        0.094s     1.125s .
         637383324826473566:   |       15      |       |       |       x       x       x       x       x        0.036s     1.161s 
         637383324826832439:   |       |       |       |       |       16      x       x       x       x        0.183s     1.344s ...
         637383324828659927:   |       |       |       x       |       |       x       x       x       x        0.050s     1.393s 
         637383324829156998:   x       |       |       x       |       |       x       x       x       x        0.185s     1.578s ...
         637383324831003700:   x       |       x       x       |       |       x       x       x       x        0.172s     1.750s ...
         637383324832722457:   x       |       32      12      x       |       x       x       x       x        0.047s     1.797s 
         637383324833191778:   x       x       |       |       x       |       x       x       x       x        0.016s     1.812s 
         637383324833347457:   37      38      |       34      35      36      x       x       x       x        0.109s     1.922s ..
         637383324834441562:   |       |       |       |       |       |       39      40      x       x        0.188s     2.109s ...
         637383324836316624:   x       |       |       |       |       |       |       |       x       x        0.047s     2.156s 
         637383324836784969:   x       |       42      |       |       |       |       |       x       x        0.109s     2.266s ..
         637383324837878742:   x       |       |       x       |       |       |       |       x       x        0.062s     2.328s .
         637383324838503738:   x       |       |       x       |       |       |       x       x       x        0.110s     2.438s ..
         637383324839601734:   x       |       x       x       |       |       |       54      x       x        0.218s     2.656s ....
         637383324841785852:   x       |       x       x       |       x       |       |       x       x        0.047s     2.703s 
         637383324842253793:   x       x       x       x       |       x       |       |       x       x        0.031s     2.734s 
         637383324842566886:   x       x       x       x       x       x       |       |       x       x        0.031s     2.766s 
         637383324842878764:   x       x       x       x       x       x       x       |       x       x        0.688s     3.453s .............
         637383324849753812:   x       x       42      x       x       x       x       67      x       x        0.438s     3.891s ........
         637383324854129780:   x       x       |       x       x       x       x       69      x       x        0.031s     3.922s 
         637383324854441349:   x       x       32      34      x       x       x       40      x       x        0.219s     4.141s ....
         637383324856628859:   x       x       75      |       x       x       x       |       x       x        0.016s     4.156s 
         637383324856785095:   x       x       32      |       x       x       x       |       x       x        0.094s     4.250s .
         637383324857722581:   x       x       81      |       x       x       x       |       x       x        0.016s     4.266s 
         637383324857878821:   x       x       x       x       x       x       x       |       x       x        0.031s     4.297s 
         637383324858191352:   x       x       x       x       x       x       x       83      x       x        0.016s     4.313s 
         637383324858347592:   x       x       32      34      x       x       x       40      x       x        0.031s     4.344s 
         637383324858660485:   x       x       x       |       x       x       x       x       x       x        0.016s     4.359s 
         637383324858816339:   98      99      94      95      96      97      100     101     x       x        0.016s     4.375s 
         637383324858972594:   x       9       x       12      x       x       x       x       x       x        0.109s     4.484s ..
         637383324860066339:   x       |       103     x       105     x       x       x       x       x        0.016s     4.500s 
         637383324860222602:   x       |       104     12      x       x       x       x       x       x        0.016s     4.516s 
         637383324860378820:   112     |       111     107     108     109     106     110     x       x        0.063s     4.578s .
         637383324861003852:   |       |       |       |       |       |       |       |       113     114      0.141s     4.719s ..
         637383324862410114:   |       118     |       |       |       |       |       |       |       |        0.031s     4.750s 
         637383324862722586:   |       123     |       |       |       |       |       |       |       |        0.016s     4.766s 
         637383324862878846:   |       x       |       |       |       |       |       |       |       |        0.281s     5.047s .....
         637383324865691340:   122     x       |       |       |       |       |       |       |       |        0.578s     5.625s ...........
         637383324871472580:   |       x       |       |       120     |       |       |       |       |        0.016s     5.641s 
         637383324871628905:   |       x       x       |       x       |       |       |       |       |        0.016s     5.656s 
         637383324871785078:   |       x       x       116     x       |       |       |       |       |        0.016s     5.672s 
         637383324871941330:   |       x       x       x       x       |       |       |       |       |        0.031s     5.703s 
         637383324872255168:   |       x       x       x       x       |       |       125     |       |        0.016s     5.719s 
         637383324872411448:   |       x       x       x       x       |       |       x       |       |        0.031s     5.750s 
         637383324872722676:   |       x       x       x       x       119     |       x       x       |        0.016s     5.766s 
         637383324872878833:   |       x       x       x       x       121     |       x       x       |        0.172s     5.938s ...
         637383324874597575:   |       x       x       x       x       |       |       x       x       x        0.031s     5.969s 
         637383324874910155:   8       9       x       175     x       |       124     x       x       x        0.016s     5.984s 
         637383324875067102:   182     |       181     177     178     179     176     180     183     184      0.016s     6.000s 
         637383324875223751:   8       |       |       |       x       x       |       x       |       |        0.031s     6.031s 
         637383324875536066:   192     |       191     186     187     189     185     190     194     195      0.016s     6.047s 
         637383324875691442:   |       |       x       193     |       x       x       x       |       |        0.031s     6.078s 
         637383324876003843:   8       |       x       197     200     201     203     204     |       |        0.031s     6.110s 
         637383324876318229:   |       x       x       |       |       |       |       |       |       |        0.078s     6.188s .
         637383324877097571:   x       209     213     214     215     210     205     211     216     217      0.016s     6.203s 
         637383324877253825:   8       |       x       x       |       |       |       |       |       |        0.016s     6.219s 
         637383324877410414:   223     2       x       x       |       |       |       |       |       |        0.109s     6.328s ..
         637383324878505167:   226     |       x       x       |       |       |       |       |       |        0.020s     6.349s 
         637383324878709566:   0       228     x       x       |       |       |       |       |       |        0.011s     6.359s 
         637383324878816312:   |       x       x       x       |       |       |       |       |       |        0.031s     6.391s 
         637383324879128832:   |       229     x       x       |       |       |       |       |       |        0.078s     6.469s .
         637383324879128832:   x       |       x       x       |       |       |       |       |       |        0.078s     6.547s .
         -----------------------------------------------------------------------------------------------------------------------------------
         Utilization:          34.1    50.3    60.1    45.7    51.7    52.6    51.2    68.0    62.0    71.9     Average Utilization: 54.8

Build succeeded.
    0 Warning(s)
    0 Error(s)

Time Elapsed 00:00:06.61
