Failure trapped by Main at J:\dev\projects\z0\src\tools\app\App.cs 32
System.ArgumentException: The type or method has 1 generic parameter(s), but 10 generic argument(s) were provided. A generic argument must be provided for each generic parameter.
   at System.RuntimeType.SanityCheckGenericArguments(RuntimeType[] genericArguments, RuntimeType[] genericParamters)
   at System.Reflection.RuntimeMethodInfo.MakeGenericMethod(Type[] methodInstantiation)
   at Z0.ApiCatalogs.HostedGeneric(IApiHost src) in j:\dev\projects\z0\src\konst\src\api.catalogs\ApiCatalogs.cs:line 111
   at Z0.ApiCatalogs.members(IApiHost src) in j:\dev\projects\z0\src\konst\src\api.catalogs\ApiCatalogs.cs:line 72
   at Z0.AppRunner.Run() in J:\dev\projects\z0\src\tools\app\App.cs:line 164
   at Z0.App.Main(String[] args) in J:\dev\projects\z0\src\tools\app\App.cs:line 28

Failure trapped by Main at J:\dev\projects\z0\src\tools\app\App.cs 32
System.ArgumentException: The type or method has 1 generic parameter(s), but 10 generic argument(s) were provided. A generic argument must be provided for each generic parameter.
   at System.RuntimeType.SanityCheckGenericArguments(RuntimeType[] genericArguments, RuntimeType[] genericParamters)
   at System.Reflection.RuntimeMethodInfo.MakeGenericMethod(Type[] methodInstantiation)
   at Z0.ApiCatalogs.HostedGeneric(IApiHost src) in j:\dev\projects\z0\src\konst\src\api.catalogs\ApiCatalogs.cs:line 111
   at Z0.ApiCatalogs.members(IApiHost src) in j:\dev\projects\z0\src\konst\src\api.catalogs\ApiCatalogs.cs:line 72
   at Z0.AppRunner.Run() in J:\dev\projects\z0\src\tools\app\App.cs:line 164
   at Z0.App.Main(String[] args) in J:\dev\projects\z0\src\tools\app\App.cs:line 28

Failure trapped by Main at J:\dev\projects\z0\src\tools\app\App.cs 32
System.ArgumentException: The type or method has 1 generic parameter(s), but 10 generic argument(s) were provided. A generic argument must be provided for each generic parameter.
   at System.RuntimeType.SanityCheckGenericArguments(RuntimeType[] genericArguments, RuntimeType[] genericParamters)
   at System.Reflection.RuntimeMethodInfo.MakeGenericMethod(Type[] methodInstantiation)
   at Z0.ApiCatalogs.HostedGeneric(IApiHost src) in j:\dev\projects\z0\src\konst\src\api.catalogs\ApiCatalogs.cs:line 111
   at Z0.ApiCatalogs.members(IApiHost src) in j:\dev\projects\z0\src\konst\src\api.catalogs\ApiCatalogs.cs:line 72
   at Z0.AppRunner.Run() in J:\dev\projects\z0\src\tools\app\App.cs:line 164
   at Z0.App.Main(String[] args) in J:\dev\projects\z0\src\tools\app\App.cs:line 28

Failure trapped by Main at J:\dev\projects\z0\src\tools\app\App.cs 32
System.ArgumentException: The type or method has 1 generic parameter(s), but 10 generic argument(s) were provided. A generic argument must be provided for each generic parameter.
   at System.RuntimeType.SanityCheckGenericArguments(RuntimeType[] genericArguments, RuntimeType[] genericParamters)
   at System.Reflection.RuntimeMethodInfo.MakeGenericMethod(Type[] methodInstantiation)
   at Z0.ApiCatalogs.HostedGeneric(IApiHost src) in j:\dev\projects\z0\src\konst\src\api.catalogs\ApiCatalogs.cs:line 111
   at Z0.ApiCatalogs.members(IApiHost src) in j:\dev\projects\z0\src\konst\src\api.catalogs\ApiCatalogs.cs:line 72
   at Z0.AppRunner.Run() in J:\dev\projects\z0\src\tools\app\App.cs:line 164
   at Z0.App.Main(String[] args) in J:\dev\projects\z0\src\tools\app\App.cs:line 28

Failure trapped by Main at J:\dev\projects\z0\src\tools\app\App.cs 32
System.ArgumentException: The type or method has 1 generic parameter(s), but 10 generic argument(s) were provided. A generic argument must be provided for each generic parameter.
   at System.RuntimeType.SanityCheckGenericArguments(RuntimeType[] genericArguments, RuntimeType[] genericParamters)
   at System.Reflection.RuntimeMethodInfo.MakeGenericMethod(Type[] methodInstantiation)
   at Z0.ApiCatalogs.HostedGeneric(IApiHost src) in j:\dev\projects\z0\src\konst\src\api.catalogs\ApiCatalogs.cs:line 111
   at Z0.ApiCatalogs.members(IApiHost src) in j:\dev\projects\z0\src\konst\src\api.catalogs\ApiCatalogs.cs:line 72
   at Z0.AppRunner.Run() in J:\dev\projects\z0\src\tools\app\App.cs:line 164
   at Z0.App.Main(String[] args) in J:\dev\projects\z0\src\tools\app\App.cs:line 28

Failure trapped by Main at J:\dev\projects\z0\src\tools\app\App.cs 32
System.ArgumentException: The type or method has 1 generic parameter(s), but 10 generic argument(s) were provided. A generic argument must be provided for each generic parameter.
   at System.RuntimeType.SanityCheckGenericArguments(RuntimeType[] genericArguments, RuntimeType[] genericParamters)
   at System.Reflection.RuntimeMethodInfo.MakeGenericMethod(Type[] methodInstantiation)
   at Z0.ApiCatalogs.HostedGeneric(IApiHost src) in j:\dev\projects\z0\src\konst\src\api.catalogs\ApiCatalogs.cs:line 111
   at Z0.ApiCatalogs.members(IApiHost src) in j:\dev\projects\z0\src\konst\src\api.catalogs\ApiCatalogs.cs:line 72
   at Z0.AppRunner.Run() in J:\dev\projects\z0\src\tools\app\App.cs:line 163
   at Z0.App.Main(String[] args) in J:\dev\projects\z0\src\tools\app\App.cs:line 28

